Running CNN

Model build ...
Model: "cnn_FULL_GRAY"
_________________________________________________________________
Layer (type)                 Output Shape              Param #   
=================================================================
input (InputLayer)           [(None, 104, 138, 1)]     0         
_________________________________________________________________
conv64 (Conv2D)              (None, 104, 138, 64)      640       
_________________________________________________________________
activation (Activation)      (None, 104, 138, 64)      0         
_________________________________________________________________
dropout (Dropout)            (None, 104, 138, 64)      0         
_________________________________________________________________
conv128 (Conv2D)             (None, 104, 138, 128)     73856     
_________________________________________________________________
activation_1 (Activation)    (None, 104, 138, 128)     0         
_________________________________________________________________
dropout_1 (Dropout)          (None, 104, 138, 128)     0         
_________________________________________________________________
max_pooling2d (MaxPooling2D) (None, 52, 69, 128)       0         
_________________________________________________________________
flatten (Flatten)            (None, 459264)            0         
_________________________________________________________________
fc128 (Dense)                (None, 128)               58785920  
_________________________________________________________________
activation_2 (Activation)    (None, 128)               0         
_________________________________________________________________
dropout_2 (Dropout)          (None, 128)               0         
_________________________________________________________________
fc64 (Dense)                 (None, 64)                8256      
_________________________________________________________________
activation_3 (Activation)    (None, 64)                0         
_________________________________________________________________
dropout_3 (Dropout)          (None, 64)                0         
_________________________________________________________________
fc (Dense)                   (None, 3)                 195       
=================================================================
Total params: 58,868,867
Trainable params: 58,868,867
Non-trainable params: 0
_________________________________________________________________
Model fit ...
Epoch 1/50
97/97 - 81s - loss: 79.2476 - accuracy: 0.3309 - val_loss: 1.1099 - val_accuracy: 0.3534
Epoch 2/50
97/97 - 74s - loss: 1.1019 - accuracy: 0.3702 - val_loss: 4.3810 - val_accuracy: 0.3534
Epoch 3/50
97/97 - 74s - loss: 1.0972 - accuracy: 0.3750 - val_loss: 4021.3923 - val_accuracy: 0.3534
Epoch 4/50
97/97 - 75s - loss: 1.0964 - accuracy: 0.3737 - val_loss: 1.0998 - val_accuracy: 0.3534
Epoch 5/50
97/97 - 75s - loss: 1.0962 - accuracy: 0.3727 - val_loss: 14.3116 - val_accuracy: 0.3534
Epoch 6/50
97/97 - 76s - loss: 1.0950 - accuracy: 0.3750 - val_loss: 14.7369 - val_accuracy: 0.3534
Epoch 7/50
97/97 - 76s - loss: 1.0951 - accuracy: 0.3747 - val_loss: 111.1929 - val_accuracy: 0.3534
Epoch 8/50
97/97 - 76s - loss: 1.0958 - accuracy: 0.3750 - val_loss: 1.3942 - val_accuracy: 0.3664
Epoch 9/50
97/97 - 76s - loss: 1.1528 - accuracy: 0.3740 - val_loss: 1.0974 - val_accuracy: 0.3534
Epoch 10/50
97/97 - 75s - loss: 1.1303 - accuracy: 0.3624 - val_loss: 1.0974 - val_accuracy: 0.3534
Epoch 11/50
97/97 - 76s - loss: 1.1232 - accuracy: 0.3708 - val_loss: 1.0973 - val_accuracy: 0.3556
Epoch 12/50
97/97 - 76s - loss: 1.0962 - accuracy: 0.3676 - val_loss: 1.0976 - val_accuracy: 0.3534
Epoch 13/50
97/97 - 77s - loss: 1.1006 - accuracy: 0.3708 - val_loss: 3.3862 - val_accuracy: 0.3578
Epoch 14/50
97/97 - 78s - loss: 1.0953 - accuracy: 0.3724 - val_loss: 42.8931 - val_accuracy: 0.3534
Epoch 15/50
97/97 - 78s - loss: 1.0954 - accuracy: 0.3698 - val_loss: 1.0978 - val_accuracy: 0.3534
Epoch 16/50
97/97 - 78s - loss: 1.0950 - accuracy: 0.3750 - val_loss: 31979.9648 - val_accuracy: 0.3448
Epoch 17/50
97/97 - 78s - loss: 1.0946 - accuracy: 0.3750 - val_loss: 42829.8672 - val_accuracy: 0.3599
Epoch 18/50
97/97 - 76s - loss: 1.0943 - accuracy: 0.3750 - val_loss: 43454.9570 - val_accuracy: 0.3621
Epoch 00018: early stopping
Model save ...
Model saved!
Running DNN

Model build ...
Model: "deep_FULL_GRAY"
_________________________________________________________________
Layer (type)                 Output Shape              Param #   
=================================================================
input (InputLayer)           [(None, 104, 138, 1)]     0         
_________________________________________________________________
flatten (Flatten)            (None, 14352)             0         
_________________________________________________________________
fc0 (Dense)                  (None, 1024)              14697472  
_________________________________________________________________
fc1 (Dense)                  (None, 512)               524800    
_________________________________________________________________
fc2 (Dense)                  (None, 256)               131328    
_________________________________________________________________
fc3 (Dense)                  (None, 128)               32896     
_________________________________________________________________
fc4 (Dense)                  (None, 64)                8256      
_________________________________________________________________
fc (Dense)                   (None, 3)                 195       
=================================================================
Total params: 15,394,947
Trainable params: 15,394,947
Non-trainable params: 0
_________________________________________________________________
Model fit ...
Epoch 1/50
97/97 - 87s - loss: 1.2372 - accuracy: 0.2935 - val_loss: 1.1076 - val_accuracy: 0.3103
Epoch 2/50
97/97 - 84s - loss: 1.1043 - accuracy: 0.3238 - val_loss: 1.0979 - val_accuracy: 0.3534
Epoch 3/50
97/97 - 83s - loss: 1.0980 - accuracy: 0.3750 - val_loss: 1.0973 - val_accuracy: 0.3534
Epoch 4/50
97/97 - 82s - loss: 1.0965 - accuracy: 0.3737 - val_loss: 1.0973 - val_accuracy: 0.3534
Epoch 5/50
97/97 - 81s - loss: 1.0962 - accuracy: 0.3724 - val_loss: 1.0975 - val_accuracy: 0.3534
Epoch 6/50
97/97 - 81s - loss: 1.0952 - accuracy: 0.3750 - val_loss: 1.0976 - val_accuracy: 0.3534
Epoch 7/50
97/97 - 82s - loss: 1.0955 - accuracy: 0.3750 - val_loss: 1.0977 - val_accuracy: 0.3534
Epoch 8/50
97/97 - 81s - loss: 1.0956 - accuracy: 0.3750 - val_loss: 1.0978 - val_accuracy: 0.3534
Epoch 9/50
97/97 - 73s - loss: 1.0958 - accuracy: 0.3711 - val_loss: 1.0978 - val_accuracy: 0.3534
Epoch 10/50
97/97 - 71s - loss: 1.0964 - accuracy: 0.3698 - val_loss: 1.0978 - val_accuracy: 0.3534
Epoch 11/50
97/97 - 71s - loss: 1.0955 - accuracy: 0.3724 - val_loss: 1.0978 - val_accuracy: 0.3534
Epoch 12/50
97/97 - 71s - loss: 1.0966 - accuracy: 0.3673 - val_loss: 1.0978 - val_accuracy: 0.3534
Epoch 00012: early stopping
Model save ...
Model saved!
Running D-CNN

Model build ...
Model: "deep_cnn_FULL_GRAY"
_________________________________________________________________
Layer (type)                 Output Shape              Param #   
=================================================================
input (InputLayer)           [(None, 104, 138, 1)]     0         
_________________________________________________________________
conv64 (Conv2D)              (None, 104, 138, 64)      640       
_________________________________________________________________
activation (Activation)      (None, 104, 138, 64)      0         
_________________________________________________________________
dropout (Dropout)            (None, 104, 138, 64)      0         
_________________________________________________________________
conv128 (Conv2D)             (None, 104, 138, 128)     73856     
_________________________________________________________________
activation_1 (Activation)    (None, 104, 138, 128)     0         
_________________________________________________________________
dropout_1 (Dropout)          (None, 104, 138, 128)     0         
_________________________________________________________________
conv256 (Conv2D)             (None, 104, 138, 256)     295168    
_________________________________________________________________
activation_2 (Activation)    (None, 104, 138, 256)     0         
_________________________________________________________________
dropout_2 (Dropout)          (None, 104, 138, 256)     0         
_________________________________________________________________
max_pooling2d (MaxPooling2D) (None, 52, 69, 256)       0         
_________________________________________________________________
flatten (Flatten)            (None, 918528)            0         
_________________________________________________________________
fc128_A (Dense)              (None, 128)               117571712 
_________________________________________________________________
activation_3 (Activation)    (None, 128)               0         
_________________________________________________________________
dropout_3 (Dropout)          (None, 128)               0         
_________________________________________________________________
fc128_B (Dense)              (None, 128)               16512     
_________________________________________________________________
activation_4 (Activation)    (None, 128)               0         
_________________________________________________________________
dropout_4 (Dropout)          (None, 128)               0         
_________________________________________________________________
fc128_C (Dense)              (None, 128)               16512     
_________________________________________________________________
activation_5 (Activation)    (None, 128)               0         
_________________________________________________________________
dropout_5 (Dropout)          (None, 128)               0         
_________________________________________________________________
fc (Dense)                   (None, 3)                 387       
=================================================================
Total params: 117,974,787
Trainable params: 117,974,787
Non-trainable params: 0
_________________________________________________________________
Model fit ...
Epoch 1/50
97/97 - 81s - loss: 81.7327 - accuracy: 0.3582 - val_loss: 41.2705 - val_accuracy: 0.3448
Epoch 2/50
97/97 - 81s - loss: 1.6159 - accuracy: 0.3695 - val_loss: 191.0511 - val_accuracy: 0.3405
Epoch 3/50
97/97 - 81s - loss: 2.4950 - accuracy: 0.3631 - val_loss: 1.1701 - val_accuracy: 0.3297
Epoch 4/50
97/97 - 80s - loss: 1.1204 - accuracy: 0.3679 - val_loss: 1.1487 - val_accuracy: 0.3297
Epoch 5/50
97/97 - 81s - loss: 1.1268 - accuracy: 0.3715 - val_loss: 1.1634 - val_accuracy: 0.3470
Epoch 6/50
97/97 - 81s - loss: 1.1135 - accuracy: 0.3776 - val_loss: 1.1009 - val_accuracy: 0.3534
Epoch 7/50
97/97 - 81s - loss: 1.0994 - accuracy: 0.3750 - val_loss: 1.1339 - val_accuracy: 0.3448
Epoch 8/50
97/97 - 81s - loss: 1.1104 - accuracy: 0.3708 - val_loss: 1.2509 - val_accuracy: 0.3534
Epoch 9/50
97/97 - 81s - loss: 1.1194 - accuracy: 0.3695 - val_loss: 1.1302 - val_accuracy: 0.3534
Epoch 10/50
97/97 - 80s - loss: 1.1216 - accuracy: 0.3631 - val_loss: 1.1213 - val_accuracy: 0.3297
Epoch 11/50
97/97 - 81s - loss: 1.0991 - accuracy: 0.3727 - val_loss: 1.1048 - val_accuracy: 0.3448
Epoch 12/50
97/97 - 81s - loss: 1.1170 - accuracy: 0.3686 - val_loss: 1.1494 - val_accuracy: 0.3470
Epoch 13/50
97/97 - 81s - loss: 1.1197 - accuracy: 0.3599 - val_loss: 1.0993 - val_accuracy: 0.3470
Epoch 14/50
97/97 - 82s - loss: 1.0992 - accuracy: 0.3708 - val_loss: 1.1399 - val_accuracy: 0.3534
Epoch 15/50
97/97 - 81s - loss: 1.1190 - accuracy: 0.3589 - val_loss: 1.1292 - val_accuracy: 0.3534
Epoch 16/50
97/97 - 78s - loss: 1.0980 - accuracy: 0.3721 - val_loss: 1.1411 - val_accuracy: 0.3491
Epoch 00016: early stopping
Model save ...
Model saved!
