Running CNN

Model build ...
Model: "cnn_FULL_GRAY_WAV"
_________________________________________________________________
Layer (type)                 Output Shape              Param #   
=================================================================
input (InputLayer)           [(None, 104, 73, 1)]      0         
_________________________________________________________________
conv64 (Conv2D)              (None, 104, 73, 64)       640       
_________________________________________________________________
activation (Activation)      (None, 104, 73, 64)       0         
_________________________________________________________________
dropout (Dropout)            (None, 104, 73, 64)       0         
_________________________________________________________________
conv128 (Conv2D)             (None, 104, 73, 128)      73856     
_________________________________________________________________
activation_1 (Activation)    (None, 104, 73, 128)      0         
_________________________________________________________________
dropout_1 (Dropout)          (None, 104, 73, 128)      0         
_________________________________________________________________
max_pooling2d (MaxPooling2D) (None, 52, 36, 128)       0         
_________________________________________________________________
flatten (Flatten)            (None, 239616)            0         
_________________________________________________________________
fc128 (Dense)                (None, 128)               30670976  
_________________________________________________________________
activation_2 (Activation)    (None, 128)               0         
_________________________________________________________________
dropout_2 (Dropout)          (None, 128)               0         
_________________________________________________________________
fc64 (Dense)                 (None, 64)                8256      
_________________________________________________________________
activation_3 (Activation)    (None, 64)                0         
_________________________________________________________________
dropout_3 (Dropout)          (None, 64)                0         
_________________________________________________________________
fc (Dense)                   (None, 3)                 195       
=================================================================
Total params: 30,753,923
Trainable params: 30,753,923
Non-trainable params: 0
_________________________________________________________________
Model fit ...
Epoch 1/50
97/97 - 77s - loss: 33.3311 - accuracy: 0.3531 - val_loss: 1.0986 - val_accuracy: 0.3502
Epoch 2/50
97/97 - 77s - loss: 1.1123 - accuracy: 0.3618 - val_loss: 1.0966 - val_accuracy: 0.3534
Epoch 3/50
97/97 - 76s - loss: 1.0963 - accuracy: 0.3750 - val_loss: 1.0973 - val_accuracy: 0.3534
Epoch 4/50
97/97 - 77s - loss: 1.0962 - accuracy: 0.3747 - val_loss: 1.0971 - val_accuracy: 0.3534
Epoch 5/50
97/97 - 77s - loss: 1.0986 - accuracy: 0.3698 - val_loss: 1.0960 - val_accuracy: 0.3534
Epoch 6/50
97/97 - 76s - loss: 1.0950 - accuracy: 0.3744 - val_loss: 1.0971 - val_accuracy: 0.3534
Epoch 7/50
97/97 - 77s - loss: 1.0956 - accuracy: 0.3747 - val_loss: 1.0960 - val_accuracy: 0.3534
Epoch 8/50
97/97 - 77s - loss: 1.0954 - accuracy: 0.3750 - val_loss: 1.0961 - val_accuracy: 0.3534
Epoch 9/50
97/97 - 76s - loss: 1.0961 - accuracy: 0.3708 - val_loss: 1.1731 - val_accuracy: 0.3578
Epoch 10/50
97/97 - 77s - loss: 1.0987 - accuracy: 0.3698 - val_loss: 1.0977 - val_accuracy: 0.3534
Epoch 11/50
97/97 - 77s - loss: 1.0955 - accuracy: 0.3724 - val_loss: 142.5125 - val_accuracy: 0.3578
Epoch 12/50
97/97 - 76s - loss: 1.0968 - accuracy: 0.3673 - val_loss: 1.0975 - val_accuracy: 0.3534
Epoch 13/50
97/97 - 77s - loss: 1.1073 - accuracy: 0.3695 - val_loss: 1.9038 - val_accuracy: 0.3793
Epoch 14/50
97/97 - 77s - loss: 1.0952 - accuracy: 0.3724 - val_loss: 3.5372 - val_accuracy: 0.3545
Epoch 15/50
97/97 - 77s - loss: 1.0959 - accuracy: 0.3695 - val_loss: 1.0975 - val_accuracy: 0.3534
Epoch 16/50
97/97 - 77s - loss: 1.0960 - accuracy: 0.3744 - val_loss: 1.0974 - val_accuracy: 0.3534
Epoch 17/50
97/97 - 77s - loss: 1.1187 - accuracy: 0.3724 - val_loss: 1.0975 - val_accuracy: 0.3534
Epoch 18/50
97/97 - 77s - loss: 1.1284 - accuracy: 0.3750 - val_loss: 1.0976 - val_accuracy: 0.3534
Epoch 19/50
97/97 - 77s - loss: 1.0955 - accuracy: 0.3750 - val_loss: 1.0964 - val_accuracy: 0.3534
Epoch 20/50
97/97 - 77s - loss: 1.1016 - accuracy: 0.3715 - val_loss: 1.0976 - val_accuracy: 0.3534
Epoch 21/50
97/97 - 77s - loss: 1.0958 - accuracy: 0.3705 - val_loss: 1.0968 - val_accuracy: 0.3534
Epoch 22/50
97/97 - 78s - loss: 1.0959 - accuracy: 0.3698 - val_loss: 1.0967 - val_accuracy: 0.3534
Epoch 23/50
97/97 - 76s - loss: 1.0954 - accuracy: 0.3698 - val_loss: 1.0967 - val_accuracy: 0.3534
Epoch 00023: early stopping
Model save ...
Model saved!
Running DNN

Model build ...
Model: "deep_FULL_GRAY_WAV"
_________________________________________________________________
Layer (type)                 Output Shape              Param #   
=================================================================
input (InputLayer)           [(None, 104, 73, 1)]      0         
_________________________________________________________________
flatten (Flatten)            (None, 7592)              0         
_________________________________________________________________
fc0 (Dense)                  (None, 1024)              7775232   
_________________________________________________________________
fc1 (Dense)                  (None, 512)               524800    
_________________________________________________________________
fc2 (Dense)                  (None, 256)               131328    
_________________________________________________________________
fc3 (Dense)                  (None, 128)               32896     
_________________________________________________________________
fc4 (Dense)                  (None, 64)                8256      
_________________________________________________________________
fc (Dense)                   (None, 3)                 195       
=================================================================
Total params: 8,472,707
Trainable params: 8,472,707
Non-trainable params: 0
_________________________________________________________________
Model fit ...
Epoch 1/50
97/97 - 84s - loss: 1.1830 - accuracy: 0.2861 - val_loss: 1.1017 - val_accuracy: 0.3103
Epoch 2/50
97/97 - 82s - loss: 1.1035 - accuracy: 0.3570 - val_loss: 1.0981 - val_accuracy: 0.3513
Epoch 3/50
97/97 - 80s - loss: 1.0983 - accuracy: 0.3518 - val_loss: 1.0974 - val_accuracy: 0.3534
Epoch 4/50
97/97 - 78s - loss: 1.0968 - accuracy: 0.3737 - val_loss: 1.0973 - val_accuracy: 0.3534
Epoch 5/50
97/97 - 78s - loss: 1.0983 - accuracy: 0.3724 - val_loss: 1.0974 - val_accuracy: 0.3534
Epoch 6/50
97/97 - 78s - loss: 1.0955 - accuracy: 0.3750 - val_loss: 1.0976 - val_accuracy: 0.3534
Epoch 7/50
97/97 - 77s - loss: 1.0956 - accuracy: 0.3750 - val_loss: 1.0977 - val_accuracy: 0.3534
Epoch 8/50
97/97 - 77s - loss: 1.0956 - accuracy: 0.3750 - val_loss: 1.0978 - val_accuracy: 0.3534
Epoch 9/50
97/97 - 78s - loss: 1.0959 - accuracy: 0.3711 - val_loss: 1.0978 - val_accuracy: 0.3534
Epoch 10/50
97/97 - 78s - loss: 1.0964 - accuracy: 0.3698 - val_loss: 1.0978 - val_accuracy: 0.3534
Epoch 11/50
97/97 - 77s - loss: 1.0955 - accuracy: 0.3724 - val_loss: 1.0978 - val_accuracy: 0.3534
Epoch 12/50
97/97 - 77s - loss: 1.0965 - accuracy: 0.3673 - val_loss: 1.0978 - val_accuracy: 0.3534
Epoch 13/50
97/97 - 77s - loss: 1.0960 - accuracy: 0.3711 - val_loss: 1.0979 - val_accuracy: 0.3534
Epoch 00013: early stopping
Model save ...
Model saved!
Running D-CNN

Model build ...
Model: "deep_cnn_FULL_GRAY_WAV"
_________________________________________________________________
Layer (type)                 Output Shape              Param #   
=================================================================
input (InputLayer)           [(None, 104, 73, 1)]      0         
_________________________________________________________________
conv64 (Conv2D)              (None, 104, 73, 64)       640       
_________________________________________________________________
activation (Activation)      (None, 104, 73, 64)       0         
_________________________________________________________________
dropout (Dropout)            (None, 104, 73, 64)       0         
_________________________________________________________________
conv128 (Conv2D)             (None, 104, 73, 128)      73856     
_________________________________________________________________
activation_1 (Activation)    (None, 104, 73, 128)      0         
_________________________________________________________________
dropout_1 (Dropout)          (None, 104, 73, 128)      0         
_________________________________________________________________
conv256 (Conv2D)             (None, 104, 73, 256)      295168    
_________________________________________________________________
activation_2 (Activation)    (None, 104, 73, 256)      0         
_________________________________________________________________
dropout_2 (Dropout)          (None, 104, 73, 256)      0         
_________________________________________________________________
max_pooling2d (MaxPooling2D) (None, 52, 36, 256)       0         
_________________________________________________________________
flatten (Flatten)            (None, 479232)            0         
_________________________________________________________________
fc128_A (Dense)              (None, 128)               61341824  
_________________________________________________________________
activation_3 (Activation)    (None, 128)               0         
_________________________________________________________________
dropout_3 (Dropout)          (None, 128)               0         
_________________________________________________________________
fc128_B (Dense)              (None, 128)               16512     
_________________________________________________________________
activation_4 (Activation)    (None, 128)               0         
_________________________________________________________________
dropout_4 (Dropout)          (None, 128)               0         
_________________________________________________________________
fc128_C (Dense)              (None, 128)               16512     
_________________________________________________________________
activation_5 (Activation)    (None, 128)               0         
_________________________________________________________________
dropout_5 (Dropout)          (None, 128)               0         
_________________________________________________________________
fc (Dense)                   (None, 3)                 387       
=================================================================
Total params: 61,744,899
Trainable params: 61,744,899
Non-trainable params: 0
_________________________________________________________________
Model fit ...
Epoch 1/50
97/97 - 77s - loss: 36.5664 - accuracy: 0.3351 - val_loss: 8.0632 - val_accuracy: 0.3114
Epoch 2/50
97/97 - 76s - loss: 1.5615 - accuracy: 0.3708 - val_loss: 1.2986 - val_accuracy: 0.3190
Epoch 3/50
97/97 - 75s - loss: 1.1268 - accuracy: 0.3640 - val_loss: 1.4764 - val_accuracy: 0.3060
Epoch 4/50
97/97 - 76s - loss: 1.1279 - accuracy: 0.3647 - val_loss: 1.0969 - val_accuracy: 0.3448
Epoch 5/50
97/97 - 76s - loss: 1.1229 - accuracy: 0.3608 - val_loss: 1.3314 - val_accuracy: 0.3157
Epoch 6/50
97/97 - 76s - loss: 1.1282 - accuracy: 0.3673 - val_loss: 1.2580 - val_accuracy: 0.3427
Epoch 7/50
97/97 - 76s - loss: 1.1186 - accuracy: 0.3666 - val_loss: 1.2102 - val_accuracy: 0.3513
Epoch 8/50
97/97 - 76s - loss: 1.1260 - accuracy: 0.3653 - val_loss: 1.1788 - val_accuracy: 0.3642
Epoch 9/50
97/97 - 76s - loss: 1.0991 - accuracy: 0.3660 - val_loss: 1.3602 - val_accuracy: 0.3405
Epoch 10/50
97/97 - 76s - loss: 1.1175 - accuracy: 0.3631 - val_loss: 1.2713 - val_accuracy: 0.3341
Epoch 11/50
97/97 - 76s - loss: 1.1158 - accuracy: 0.3679 - val_loss: 1.3709 - val_accuracy: 0.3384
Epoch 12/50
97/97 - 76s - loss: 1.1163 - accuracy: 0.3592 - val_loss: 1.3190 - val_accuracy: 0.3244
Epoch 13/50
97/97 - 76s - loss: 1.1210 - accuracy: 0.3653 - val_loss: 1.3110 - val_accuracy: 0.3319
Epoch 14/50
97/97 - 76s - loss: 1.1223 - accuracy: 0.3644 - val_loss: 1.3323 - val_accuracy: 0.3147
Epoch 15/50
97/97 - 76s - loss: 1.1169 - accuracy: 0.3582 - val_loss: 1.2061 - val_accuracy: 0.3405
Epoch 16/50
97/97 - 76s - loss: 1.1185 - accuracy: 0.3573 - val_loss: 1.1263 - val_accuracy: 0.3534
Epoch 17/50
97/97 - 76s - loss: 1.0992 - accuracy: 0.3724 - val_loss: 1.5257 - val_accuracy: 0.3147
Epoch 18/50
97/97 - 76s - loss: 1.1230 - accuracy: 0.3589 - val_loss: 1.4155 - val_accuracy: 0.3200
Epoch 00018: early stopping
Model save ...
Model saved!
