Running CNN

Model build ...
Model: "cnn_FULL_GRAY_PCA"
_________________________________________________________________
Layer (type)                 Output Shape              Param #   
=================================================================
input (InputLayer)           [(None, 104, 32, 1)]      0         
_________________________________________________________________
conv64 (Conv2D)              (None, 104, 32, 64)       640       
_________________________________________________________________
activation (Activation)      (None, 104, 32, 64)       0         
_________________________________________________________________
dropout (Dropout)            (None, 104, 32, 64)       0         
_________________________________________________________________
conv128 (Conv2D)             (None, 104, 32, 128)      73856     
_________________________________________________________________
activation_1 (Activation)    (None, 104, 32, 128)      0         
_________________________________________________________________
dropout_1 (Dropout)          (None, 104, 32, 128)      0         
_________________________________________________________________
max_pooling2d (MaxPooling2D) (None, 52, 16, 128)       0         
_________________________________________________________________
flatten (Flatten)            (None, 106496)            0         
_________________________________________________________________
fc128 (Dense)                (None, 128)               13631616  
_________________________________________________________________
activation_2 (Activation)    (None, 128)               0         
_________________________________________________________________
dropout_2 (Dropout)          (None, 128)               0         
_________________________________________________________________
fc64 (Dense)                 (None, 64)                8256      
_________________________________________________________________
activation_3 (Activation)    (None, 64)                0         
_________________________________________________________________
dropout_3 (Dropout)          (None, 64)                0         
_________________________________________________________________
fc (Dense)                   (None, 3)                 195       
=================================================================
Total params: 13,714,563
Trainable params: 13,714,563
Non-trainable params: 0
_________________________________________________________________
Model fit ...
Epoch 1/50
97/97 - 145s - loss: 21.8919 - accuracy: 0.3286 - val_loss: 1.0978 - val_accuracy: 0.3491
Epoch 2/50
97/97 - 144s - loss: 1.1679 - accuracy: 0.3692 - val_loss: 1.0974 - val_accuracy: 0.3534
Epoch 3/50
97/97 - 144s - loss: 1.0964 - accuracy: 0.3747 - val_loss: 1.0971 - val_accuracy: 0.3534
Epoch 4/50
97/97 - 147s - loss: 3.1804 - accuracy: 0.3650 - val_loss: 4.1279 - val_accuracy: 0.3534
Epoch 5/50
97/97 - 148s - loss: 1.1677 - accuracy: 0.3718 - val_loss: 1.0972 - val_accuracy: 0.3534
Epoch 6/50
97/97 - 145s - loss: 1.0953 - accuracy: 0.3753 - val_loss: 1.0965 - val_accuracy: 0.3534
Epoch 7/50
97/97 - 146s - loss: 1.0953 - accuracy: 0.3750 - val_loss: 1.0974 - val_accuracy: 0.3534
Epoch 8/50
97/97 - 144s - loss: 1.0952 - accuracy: 0.3750 - val_loss: 1.1074 - val_accuracy: 0.3534
Epoch 9/50
97/97 - 145s - loss: 1.0966 - accuracy: 0.3711 - val_loss: 1.0974 - val_accuracy: 0.3534
Epoch 10/50
97/97 - 146s - loss: 1.0961 - accuracy: 0.3695 - val_loss: 1.0973 - val_accuracy: 0.3534
Epoch 11/50
97/97 - 144s - loss: 1.0953 - accuracy: 0.3724 - val_loss: 1.0977 - val_accuracy: 0.3524
Epoch 12/50
97/97 - 145s - loss: 1.0957 - accuracy: 0.3669 - val_loss: 1.0978 - val_accuracy: 0.3534
Epoch 00012: early stopping
Model save ...
Model saved!
Running DNN

Model build ...
Model: "deep_FULL_GRAY_PCA"
_________________________________________________________________
Layer (type)                 Output Shape              Param #   
=================================================================
input (InputLayer)           [(None, 104, 32, 1)]      0         
_________________________________________________________________
flatten (Flatten)            (None, 3328)              0         
_________________________________________________________________
fc0 (Dense)                  (None, 1024)              3408896   
_________________________________________________________________
fc1 (Dense)                  (None, 512)               524800    
_________________________________________________________________
fc2 (Dense)                  (None, 256)               131328    
_________________________________________________________________
fc3 (Dense)                  (None, 128)               32896     
_________________________________________________________________
fc4 (Dense)                  (None, 64)                8256      
_________________________________________________________________
fc (Dense)                   (None, 3)                 195       
=================================================================
Total params: 4,106,371
Trainable params: 4,106,371
Non-trainable params: 0
_________________________________________________________________
Model fit ...
Epoch 1/50
97/97 - 147s - loss: 1.0975 - accuracy: 0.3628 - val_loss: 1.0954 - val_accuracy: 0.3556
Epoch 2/50
97/97 - 150s - loss: 1.0558 - accuracy: 0.3940 - val_loss: 1.1128 - val_accuracy: 0.3599
Epoch 3/50
97/97 - 151s - loss: 0.9435 - accuracy: 0.5081 - val_loss: 1.1510 - val_accuracy: 0.3696
Epoch 4/50
97/97 - 150s - loss: 0.8626 - accuracy: 0.5474 - val_loss: 1.2447 - val_accuracy: 0.3685
Epoch 5/50
97/97 - 149s - loss: 0.7445 - accuracy: 0.6189 - val_loss: 1.3709 - val_accuracy: 0.3438
Epoch 6/50
97/97 - 148s - loss: 0.6081 - accuracy: 0.6997 - val_loss: 1.5442 - val_accuracy: 0.3610
Epoch 7/50
97/97 - 146s - loss: 0.5124 - accuracy: 0.7432 - val_loss: 1.8100 - val_accuracy: 0.3879
Epoch 8/50
97/97 - 142s - loss: 0.4644 - accuracy: 0.7745 - val_loss: 1.9870 - val_accuracy: 0.3653
Epoch 9/50
97/97 - 143s - loss: 0.3902 - accuracy: 0.8183 - val_loss: 2.5362 - val_accuracy: 0.3578
Epoch 10/50
97/97 - 143s - loss: 0.3382 - accuracy: 0.8457 - val_loss: 2.6143 - val_accuracy: 0.3664
Epoch 11/50
97/97 - 141s - loss: 0.2684 - accuracy: 0.8731 - val_loss: 2.9199 - val_accuracy: 0.3373
Epoch 12/50
97/97 - 142s - loss: 0.2379 - accuracy: 0.8969 - val_loss: 3.1905 - val_accuracy: 0.3696
Epoch 13/50
97/97 - 142s - loss: 0.1969 - accuracy: 0.9217 - val_loss: 3.5387 - val_accuracy: 0.3653
Epoch 14/50
97/97 - 141s - loss: 0.1868 - accuracy: 0.9307 - val_loss: 3.1945 - val_accuracy: 0.3869
Epoch 15/50
97/97 - 143s - loss: 0.1535 - accuracy: 0.9401 - val_loss: 3.7698 - val_accuracy: 0.3685
Epoch 16/50
97/97 - 143s - loss: 0.0906 - accuracy: 0.9720 - val_loss: 3.3750 - val_accuracy: 0.3675
Epoch 17/50
97/97 - 143s - loss: 0.0569 - accuracy: 0.9797 - val_loss: 4.0562 - val_accuracy: 0.3631
Epoch 00017: early stopping
Model save ...
Model saved!
Running D-CNN

Model build ...
Model: "deep_cnn_FULL_GRAY_PCA"
_________________________________________________________________
Layer (type)                 Output Shape              Param #   
=================================================================
input (InputLayer)           [(None, 104, 32, 1)]      0         
_________________________________________________________________
conv64 (Conv2D)              (None, 104, 32, 64)       640       
_________________________________________________________________
activation (Activation)      (None, 104, 32, 64)       0         
_________________________________________________________________
dropout (Dropout)            (None, 104, 32, 64)       0         
_________________________________________________________________
conv128 (Conv2D)             (None, 104, 32, 128)      73856     
_________________________________________________________________
activation_1 (Activation)    (None, 104, 32, 128)      0         
_________________________________________________________________
dropout_1 (Dropout)          (None, 104, 32, 128)      0         
_________________________________________________________________
conv256 (Conv2D)             (None, 104, 32, 256)      295168    
_________________________________________________________________
activation_2 (Activation)    (None, 104, 32, 256)      0         
_________________________________________________________________
dropout_2 (Dropout)          (None, 104, 32, 256)      0         
_________________________________________________________________
max_pooling2d (MaxPooling2D) (None, 52, 16, 256)       0         
_________________________________________________________________
flatten (Flatten)            (None, 212992)            0         
_________________________________________________________________
fc128_A (Dense)              (None, 128)               27263104  
_________________________________________________________________
activation_3 (Activation)    (None, 128)               0         
_________________________________________________________________
dropout_3 (Dropout)          (None, 128)               0         
_________________________________________________________________
fc128_B (Dense)              (None, 128)               16512     
_________________________________________________________________
activation_4 (Activation)    (None, 128)               0         
_________________________________________________________________
dropout_4 (Dropout)          (None, 128)               0         
_________________________________________________________________
fc128_C (Dense)              (None, 128)               16512     
_________________________________________________________________
activation_5 (Activation)    (None, 128)               0         
_________________________________________________________________
dropout_5 (Dropout)          (None, 128)               0         
_________________________________________________________________
fc (Dense)                   (None, 3)                 387       
=================================================================
Total params: 27,666,179
Trainable params: 27,666,179
Non-trainable params: 0
_________________________________________________________________
Model fit ...
Epoch 1/50
97/97 - 126s - loss: 19.9023 - accuracy: 0.3473 - val_loss: 1.9717 - val_accuracy: 0.3341
Epoch 2/50
97/97 - 125s - loss: 1.1404 - accuracy: 0.3547 - val_loss: 3.6139 - val_accuracy: 0.3319
Epoch 3/50
97/97 - 125s - loss: 1.1491 - accuracy: 0.3711 - val_loss: 1.1567 - val_accuracy: 0.3190
Epoch 4/50
97/97 - 124s - loss: 1.1239 - accuracy: 0.3727 - val_loss: 1.1966 - val_accuracy: 0.3103
Epoch 5/50
97/97 - 125s - loss: 1.1174 - accuracy: 0.3663 - val_loss: 1.1345 - val_accuracy: 0.3050
Epoch 6/50
97/97 - 125s - loss: 1.1221 - accuracy: 0.3618 - val_loss: 1.1353 - val_accuracy: 0.3534
Epoch 7/50
97/97 - 125s - loss: 1.1223 - accuracy: 0.3553 - val_loss: 1.1133 - val_accuracy: 0.3384
Epoch 8/50
97/97 - 124s - loss: 1.1116 - accuracy: 0.3650 - val_loss: 1.1197 - val_accuracy: 0.3534
Epoch 9/50
97/97 - 125s - loss: 1.1228 - accuracy: 0.3631 - val_loss: 1.0990 - val_accuracy: 0.3534
Epoch 10/50
97/97 - 124s - loss: 1.1110 - accuracy: 0.3795 - val_loss: 1.1121 - val_accuracy: 0.3319
Epoch 11/50
97/97 - 125s - loss: 1.0988 - accuracy: 0.3727 - val_loss: 1.1276 - val_accuracy: 0.3060
Epoch 12/50
97/97 - 124s - loss: 1.1152 - accuracy: 0.3592 - val_loss: 1.1034 - val_accuracy: 0.3211
Epoch 13/50
97/97 - 125s - loss: 1.0991 - accuracy: 0.3715 - val_loss: 1.1823 - val_accuracy: 0.3103
Epoch 14/50
97/97 - 124s - loss: 1.1095 - accuracy: 0.3615 - val_loss: 1.1043 - val_accuracy: 0.3319
Epoch 15/50
97/97 - 124s - loss: 1.1144 - accuracy: 0.3570 - val_loss: 1.1211 - val_accuracy: 0.3534
Epoch 16/50
97/97 - 125s - loss: 1.1176 - accuracy: 0.3602 - val_loss: 1.1015 - val_accuracy: 0.3534
Epoch 00016: early stopping
Model save ...
Model saved!
