Running CNN

Model build ...
Model: "cnn_FULL_HSV_CANNY"
_________________________________________________________________
Layer (type)                 Output Shape              Param #   
=================================================================
input (InputLayer)           [(None, 104, 138, 3)]     0         
_________________________________________________________________
conv64 (Conv2D)              (None, 104, 138, 64)      1792      
_________________________________________________________________
activation (Activation)      (None, 104, 138, 64)      0         
_________________________________________________________________
dropout (Dropout)            (None, 104, 138, 64)      0         
_________________________________________________________________
conv128 (Conv2D)             (None, 104, 138, 128)     73856     
_________________________________________________________________
activation_1 (Activation)    (None, 104, 138, 128)     0         
_________________________________________________________________
dropout_1 (Dropout)          (None, 104, 138, 128)     0         
_________________________________________________________________
max_pooling2d (MaxPooling2D) (None, 52, 69, 128)       0         
_________________________________________________________________
flatten (Flatten)            (None, 459264)            0         
_________________________________________________________________
fc128 (Dense)                (None, 128)               58785920  
_________________________________________________________________
activation_2 (Activation)    (None, 128)               0         
_________________________________________________________________
dropout_2 (Dropout)          (None, 128)               0         
_________________________________________________________________
fc64 (Dense)                 (None, 64)                8256      
_________________________________________________________________
activation_3 (Activation)    (None, 64)                0         
_________________________________________________________________
dropout_3 (Dropout)          (None, 64)                0         
_________________________________________________________________
fc (Dense)                   (None, 3)                 195       
=================================================================
Total params: 58,870,019
Trainable params: 58,870,019
Non-trainable params: 0
_________________________________________________________________
Model fit ...
Epoch 1/50
97/97 - 429s - loss: 1.5552 - accuracy: 0.3438 - val_loss: 72.0276 - val_accuracy: 0.3060
Epoch 2/50
97/97 - 423s - loss: 1.0980 - accuracy: 0.3711 - val_loss: 135.6949 - val_accuracy: 0.3060
Epoch 3/50
97/97 - 425s - loss: 1.0968 - accuracy: 0.3750 - val_loss: 187.7132 - val_accuracy: 0.3060
Epoch 4/50
97/97 - 428s - loss: 1.0962 - accuracy: 0.3737 - val_loss: 214.8782 - val_accuracy: 0.3060
Epoch 5/50
97/97 - 424s - loss: 1.0962 - accuracy: 0.3724 - val_loss: 251.0247 - val_accuracy: 0.3060
Epoch 6/50
97/97 - 427s - loss: 1.0948 - accuracy: 0.3750 - val_loss: 273.2644 - val_accuracy: 0.3060
Epoch 7/50
97/97 - 427s - loss: 1.0950 - accuracy: 0.3750 - val_loss: 314.5342 - val_accuracy: 0.3060
Epoch 8/50
97/97 - 425s - loss: 1.0953 - accuracy: 0.3750 - val_loss: 368.0142 - val_accuracy: 0.3060
Epoch 9/50
97/97 - 425s - loss: 1.0957 - accuracy: 0.3711 - val_loss: 335.5620 - val_accuracy: 0.3060
Epoch 10/50
97/97 - 425s - loss: 1.0960 - accuracy: 0.3698 - val_loss: 417.8628 - val_accuracy: 0.3060
Epoch 11/50
97/97 - 426s - loss: 1.0953 - accuracy: 0.3724 - val_loss: 485.3008 - val_accuracy: 0.3060
Epoch 00011: early stopping
Model save ...
Model saved!
Running DNN

Model build ...
Model: "deep_FULL_HSV_CANNY"
_________________________________________________________________
Layer (type)                 Output Shape              Param #   
=================================================================
input (InputLayer)           [(None, 104, 138, 3)]     0         
_________________________________________________________________
flatten (Flatten)            (None, 43056)             0         
_________________________________________________________________
fc0 (Dense)                  (None, 1024)              44090368  
_________________________________________________________________
fc1 (Dense)                  (None, 512)               524800    
_________________________________________________________________
fc2 (Dense)                  (None, 256)               131328    
_________________________________________________________________
fc3 (Dense)                  (None, 128)               32896     
_________________________________________________________________
fc4 (Dense)                  (None, 64)                8256      
_________________________________________________________________
fc (Dense)                   (None, 3)                 195       
=================================================================
Total params: 44,787,843
Trainable params: 44,787,843
Non-trainable params: 0
_________________________________________________________________
Model fit ...
Epoch 1/50
97/97 - 430s - loss: 1.1415 - accuracy: 0.3486 - val_loss: 1.0681 - val_accuracy: 0.3966
Epoch 2/50
97/97 - 425s - loss: 0.9789 - accuracy: 0.5013 - val_loss: 1.2182 - val_accuracy: 0.4149
Epoch 3/50
97/97 - 425s - loss: 0.7384 - accuracy: 0.6540 - val_loss: 1.1782 - val_accuracy: 0.5011
Epoch 4/50
97/97 - 426s - loss: 0.4495 - accuracy: 0.8167 - val_loss: 1.3500 - val_accuracy: 0.4591
Epoch 5/50
97/97 - 426s - loss: 0.3199 - accuracy: 0.8856 - val_loss: 1.4087 - val_accuracy: 0.4278
Epoch 6/50
97/97 - 407s - loss: 0.2020 - accuracy: 0.9343 - val_loss: 1.7211 - val_accuracy: 0.4472
Epoch 7/50
97/97 - 417s - loss: 0.1088 - accuracy: 0.9613 - val_loss: 2.2601 - val_accuracy: 0.4688
Epoch 8/50
97/97 - 424s - loss: 0.0664 - accuracy: 0.9787 - val_loss: 2.8062 - val_accuracy: 0.4741
Epoch 9/50
97/97 - 427s - loss: 0.0515 - accuracy: 0.9816 - val_loss: 2.6279 - val_accuracy: 0.4946
