2021-08-27 18:58:21.548617: I tensorflow/stream_executor/platform/default/dso_loader.cc:44] Successfully opened dynamic library libcuda.so.1
2021-08-27 18:58:21.630418: I tensorflow/core/common_runtime/gpu/gpu_device.cc:1561] Found device 0 with properties: 
pciBusID: 0000:1c:00.0 name: NVIDIA GeForce RTX 3090 computeCapability: 8.6
coreClock: 1.695GHz coreCount: 82 deviceMemorySize: 23.70GiB deviceMemoryBandwidth: 871.81GiB/s
2021-08-27 18:58:21.632322: I tensorflow/stream_executor/platform/default/dso_loader.cc:44] Successfully opened dynamic library libcudart.so.10.1
2021-08-27 18:58:21.919347: I tensorflow/stream_executor/platform/default/dso_loader.cc:44] Successfully opened dynamic library libcublas.so.10
2021-08-27 18:58:22.001455: I tensorflow/stream_executor/platform/default/dso_loader.cc:44] Successfully opened dynamic library libcufft.so.10
2021-08-27 18:58:22.010002: I tensorflow/stream_executor/platform/default/dso_loader.cc:44] Successfully opened dynamic library libcurand.so.10
2021-08-27 18:58:22.256820: I tensorflow/stream_executor/platform/default/dso_loader.cc:44] Successfully opened dynamic library libcusolver.so.10
2021-08-27 18:58:22.265768: I tensorflow/stream_executor/platform/default/dso_loader.cc:44] Successfully opened dynamic library libcusparse.so.10
2021-08-27 18:58:22.637006: I tensorflow/stream_executor/platform/default/dso_loader.cc:44] Successfully opened dynamic library libcudnn.so.7
2021-08-27 18:58:22.642148: I tensorflow/core/common_runtime/gpu/gpu_device.cc:1703] Adding visible gpu devices: 0
2021-08-27 18:58:22.643741: I tensorflow/core/platform/cpu_feature_guard.cc:143] Your CPU supports instructions that this TensorFlow binary was not compiled to use: SSE4.1 SSE4.2 AVX AVX2 AVX512F FMA
2021-08-27 18:58:22.673450: I tensorflow/core/platform/profile_utils/cpu_utils.cc:102] CPU Frequency: 2300000000 Hz
2021-08-27 18:58:22.674863: I tensorflow/compiler/xla/service/service.cc:168] XLA service 0x5572b0497d70 initialized for platform Host (this does not guarantee that XLA will be used). Devices:
2021-08-27 18:58:22.674882: I tensorflow/compiler/xla/service/service.cc:176]   StreamExecutor device (0): Host, Default Version
2021-08-27 18:58:22.677174: I tensorflow/core/common_runtime/gpu/gpu_device.cc:1561] Found device 0 with properties: 
pciBusID: 0000:1c:00.0 name: NVIDIA GeForce RTX 3090 computeCapability: 8.6
coreClock: 1.695GHz coreCount: 82 deviceMemorySize: 23.70GiB deviceMemoryBandwidth: 871.81GiB/s
2021-08-27 18:58:22.677270: I tensorflow/stream_executor/platform/default/dso_loader.cc:44] Successfully opened dynamic library libcudart.so.10.1
2021-08-27 18:58:22.677283: I tensorflow/stream_executor/platform/default/dso_loader.cc:44] Successfully opened dynamic library libcublas.so.10
2021-08-27 18:58:22.677293: I tensorflow/stream_executor/platform/default/dso_loader.cc:44] Successfully opened dynamic library libcufft.so.10
2021-08-27 18:58:22.677304: I tensorflow/stream_executor/platform/default/dso_loader.cc:44] Successfully opened dynamic library libcurand.so.10
2021-08-27 18:58:22.677314: I tensorflow/stream_executor/platform/default/dso_loader.cc:44] Successfully opened dynamic library libcusolver.so.10
2021-08-27 18:58:22.677325: I tensorflow/stream_executor/platform/default/dso_loader.cc:44] Successfully opened dynamic library libcusparse.so.10
2021-08-27 18:58:22.677335: I tensorflow/stream_executor/platform/default/dso_loader.cc:44] Successfully opened dynamic library libcudnn.so.7
2021-08-27 18:58:22.681910: I tensorflow/core/common_runtime/gpu/gpu_device.cc:1703] Adding visible gpu devices: 0
2021-08-27 18:58:22.682504: I tensorflow/stream_executor/platform/default/dso_loader.cc:44] Successfully opened dynamic library libcudart.so.10.1
2021-08-27 18:58:22.857317: I tensorflow/core/common_runtime/gpu/gpu_device.cc:1102] Device interconnect StreamExecutor with strength 1 edge matrix:
2021-08-27 18:58:22.857336: I tensorflow/core/common_runtime/gpu/gpu_device.cc:1108]      0 
2021-08-27 18:58:22.857341: I tensorflow/core/common_runtime/gpu/gpu_device.cc:1121] 0:   N 
2021-08-27 18:58:22.864180: I tensorflow/core/common_runtime/gpu/gpu_device.cc:1247] Created TensorFlow device (/job:localhost/replica:0/task:0/device:GPU:0 with 22573 MB memory) -> physical GPU (device: 0, name: NVIDIA GeForce RTX 3090, pci bus id: 0000:1c:00.0, compute capability: 8.6)
2021-08-27 18:58:22.868176: I tensorflow/compiler/xla/service/service.cc:168] XLA service 0x5572ae4682f0 initialized for platform CUDA (this does not guarantee that XLA will be used). Devices:
2021-08-27 18:58:22.868193: I tensorflow/compiler/xla/service/service.cc:176]   StreamExecutor device (0): NVIDIA GeForce RTX 3090, Compute Capability 8.6
2021-08-27 19:03:41.465004: I tensorflow/stream_executor/platform/default/dso_loader.cc:44] Successfully opened dynamic library libcublas.so.10
2021-08-27 19:05:08.348380: I tensorflow/stream_executor/platform/default/dso_loader.cc:44] Successfully opened dynamic library libcudnn.so.7
2021-08-27 19:21:18.165673: W tensorflow/stream_executor/gpu/asm_compiler.cc:81] Running ptxas --version returned 256
2021-08-27 19:21:18.212616: W tensorflow/stream_executor/gpu/redzone_allocator.cc:314] Internal: ptxas exited with non-zero error code 256, output: 
Relying on driver to perform ptx compilation. 
Modify $PATH to customize ptxas location.
This message will be only logged once.
2021-08-27 19:59:39.857059: I tensorflow/stream_executor/platform/default/dso_loader.cc:44] Successfully opened dynamic library libcuda.so.1
2021-08-27 19:59:39.922563: I tensorflow/core/common_runtime/gpu/gpu_device.cc:1561] Found device 0 with properties: 
pciBusID: 0000:1c:00.0 name: NVIDIA GeForce RTX 3090 computeCapability: 8.6
coreClock: 1.695GHz coreCount: 82 deviceMemorySize: 23.70GiB deviceMemoryBandwidth: 871.81GiB/s
2021-08-27 19:59:39.923508: I tensorflow/stream_executor/platform/default/dso_loader.cc:44] Successfully opened dynamic library libcudart.so.10.1
2021-08-27 19:59:39.926236: I tensorflow/stream_executor/platform/default/dso_loader.cc:44] Successfully opened dynamic library libcublas.so.10
2021-08-27 19:59:39.928443: I tensorflow/stream_executor/platform/default/dso_loader.cc:44] Successfully opened dynamic library libcufft.so.10
2021-08-27 19:59:39.929317: I tensorflow/stream_executor/platform/default/dso_loader.cc:44] Successfully opened dynamic library libcurand.so.10
2021-08-27 19:59:39.931335: I tensorflow/stream_executor/platform/default/dso_loader.cc:44] Successfully opened dynamic library libcusolver.so.10
2021-08-27 19:59:39.932640: I tensorflow/stream_executor/platform/default/dso_loader.cc:44] Successfully opened dynamic library libcusparse.so.10
2021-08-27 19:59:39.936997: I tensorflow/stream_executor/platform/default/dso_loader.cc:44] Successfully opened dynamic library libcudnn.so.7
2021-08-27 19:59:39.939589: I tensorflow/core/common_runtime/gpu/gpu_device.cc:1703] Adding visible gpu devices: 0
2021-08-27 19:59:39.939938: I tensorflow/core/platform/cpu_feature_guard.cc:143] Your CPU supports instructions that this TensorFlow binary was not compiled to use: SSE4.1 SSE4.2 AVX AVX2 AVX512F FMA
2021-08-27 19:59:39.959345: I tensorflow/core/platform/profile_utils/cpu_utils.cc:102] CPU Frequency: 2300000000 Hz
2021-08-27 19:59:39.959874: I tensorflow/compiler/xla/service/service.cc:168] XLA service 0x5611ecb47d80 initialized for platform Host (this does not guarantee that XLA will be used). Devices:
2021-08-27 19:59:39.959900: I tensorflow/compiler/xla/service/service.cc:176]   StreamExecutor device (0): Host, Default Version
2021-08-27 19:59:39.961532: I tensorflow/core/common_runtime/gpu/gpu_device.cc:1561] Found device 0 with properties: 
pciBusID: 0000:1c:00.0 name: NVIDIA GeForce RTX 3090 computeCapability: 8.6
coreClock: 1.695GHz coreCount: 82 deviceMemorySize: 23.70GiB deviceMemoryBandwidth: 871.81GiB/s
2021-08-27 19:59:39.961638: I tensorflow/stream_executor/platform/default/dso_loader.cc:44] Successfully opened dynamic library libcudart.so.10.1
2021-08-27 19:59:39.961651: I tensorflow/stream_executor/platform/default/dso_loader.cc:44] Successfully opened dynamic library libcublas.so.10
2021-08-27 19:59:39.961662: I tensorflow/stream_executor/platform/default/dso_loader.cc:44] Successfully opened dynamic library libcufft.so.10
2021-08-27 19:59:39.961673: I tensorflow/stream_executor/platform/default/dso_loader.cc:44] Successfully opened dynamic library libcurand.so.10
2021-08-27 19:59:39.961685: I tensorflow/stream_executor/platform/default/dso_loader.cc:44] Successfully opened dynamic library libcusolver.so.10
2021-08-27 19:59:39.961695: I tensorflow/stream_executor/platform/default/dso_loader.cc:44] Successfully opened dynamic library libcusparse.so.10
2021-08-27 19:59:39.961706: I tensorflow/stream_executor/platform/default/dso_loader.cc:44] Successfully opened dynamic library libcudnn.so.7
2021-08-27 19:59:39.964173: I tensorflow/core/common_runtime/gpu/gpu_device.cc:1703] Adding visible gpu devices: 0
2021-08-27 19:59:39.964263: I tensorflow/stream_executor/platform/default/dso_loader.cc:44] Successfully opened dynamic library libcudart.so.10.1
2021-08-27 19:59:40.085438: I tensorflow/core/common_runtime/gpu/gpu_device.cc:1102] Device interconnect StreamExecutor with strength 1 edge matrix:
2021-08-27 19:59:40.085473: I tensorflow/core/common_runtime/gpu/gpu_device.cc:1108]      0 
2021-08-27 19:59:40.085479: I tensorflow/core/common_runtime/gpu/gpu_device.cc:1121] 0:   N 
2021-08-27 19:59:40.089405: I tensorflow/core/common_runtime/gpu/gpu_device.cc:1247] Created TensorFlow device (/job:localhost/replica:0/task:0/device:GPU:0 with 22573 MB memory) -> physical GPU (device: 0, name: NVIDIA GeForce RTX 3090, pci bus id: 0000:1c:00.0, compute capability: 8.6)
2021-08-27 19:59:40.091907: I tensorflow/compiler/xla/service/service.cc:168] XLA service 0x5611e9540410 initialized for platform CUDA (this does not guarantee that XLA will be used). Devices:
2021-08-27 19:59:40.091927: I tensorflow/compiler/xla/service/service.cc:176]   StreamExecutor device (0): NVIDIA GeForce RTX 3090, Compute Capability 8.6
2021-08-27 20:07:16.589275: I tensorflow/stream_executor/platform/default/dso_loader.cc:44] Successfully opened dynamic library libcublas.so.10
2021-08-27 20:55:58.166403: I tensorflow/stream_executor/platform/default/dso_loader.cc:44] Successfully opened dynamic library libcuda.so.1
2021-08-27 20:55:58.230229: I tensorflow/core/common_runtime/gpu/gpu_device.cc:1561] Found device 0 with properties: 
pciBusID: 0000:1c:00.0 name: NVIDIA GeForce RTX 3090 computeCapability: 8.6
coreClock: 1.695GHz coreCount: 82 deviceMemorySize: 23.70GiB deviceMemoryBandwidth: 871.81GiB/s
2021-08-27 20:55:58.231353: I tensorflow/stream_executor/platform/default/dso_loader.cc:44] Successfully opened dynamic library libcudart.so.10.1
2021-08-27 20:55:58.234685: I tensorflow/stream_executor/platform/default/dso_loader.cc:44] Successfully opened dynamic library libcublas.so.10
2021-08-27 20:55:58.236879: I tensorflow/stream_executor/platform/default/dso_loader.cc:44] Successfully opened dynamic library libcufft.so.10
2021-08-27 20:55:58.237820: I tensorflow/stream_executor/platform/default/dso_loader.cc:44] Successfully opened dynamic library libcurand.so.10
2021-08-27 20:55:58.239821: I tensorflow/stream_executor/platform/default/dso_loader.cc:44] Successfully opened dynamic library libcusolver.so.10
2021-08-27 20:55:58.241174: I tensorflow/stream_executor/platform/default/dso_loader.cc:44] Successfully opened dynamic library libcusparse.so.10
2021-08-27 20:55:58.245546: I tensorflow/stream_executor/platform/default/dso_loader.cc:44] Successfully opened dynamic library libcudnn.so.7
2021-08-27 20:55:58.248171: I tensorflow/core/common_runtime/gpu/gpu_device.cc:1703] Adding visible gpu devices: 0
2021-08-27 20:55:58.248529: I tensorflow/core/platform/cpu_feature_guard.cc:143] Your CPU supports instructions that this TensorFlow binary was not compiled to use: SSE4.1 SSE4.2 AVX AVX2 AVX512F FMA
2021-08-27 20:55:58.267385: I tensorflow/core/platform/profile_utils/cpu_utils.cc:102] CPU Frequency: 2300000000 Hz
2021-08-27 20:55:58.268407: I tensorflow/compiler/xla/service/service.cc:168] XLA service 0x557d91f01010 initialized for platform Host (this does not guarantee that XLA will be used). Devices:
2021-08-27 20:55:58.268432: I tensorflow/compiler/xla/service/service.cc:176]   StreamExecutor device (0): Host, Default Version
2021-08-27 20:55:58.270048: I tensorflow/core/common_runtime/gpu/gpu_device.cc:1561] Found device 0 with properties: 
pciBusID: 0000:1c:00.0 name: NVIDIA GeForce RTX 3090 computeCapability: 8.6
coreClock: 1.695GHz coreCount: 82 deviceMemorySize: 23.70GiB deviceMemoryBandwidth: 871.81GiB/s
2021-08-27 20:55:58.270149: I tensorflow/stream_executor/platform/default/dso_loader.cc:44] Successfully opened dynamic library libcudart.so.10.1
2021-08-27 20:55:58.270162: I tensorflow/stream_executor/platform/default/dso_loader.cc:44] Successfully opened dynamic library libcublas.so.10
2021-08-27 20:55:58.270173: I tensorflow/stream_executor/platform/default/dso_loader.cc:44] Successfully opened dynamic library libcufft.so.10
2021-08-27 20:55:58.270184: I tensorflow/stream_executor/platform/default/dso_loader.cc:44] Successfully opened dynamic library libcurand.so.10
2021-08-27 20:55:58.270202: I tensorflow/stream_executor/platform/default/dso_loader.cc:44] Successfully opened dynamic library libcusolver.so.10
2021-08-27 20:55:58.270212: I tensorflow/stream_executor/platform/default/dso_loader.cc:44] Successfully opened dynamic library libcusparse.so.10
2021-08-27 20:55:58.270223: I tensorflow/stream_executor/platform/default/dso_loader.cc:44] Successfully opened dynamic library libcudnn.so.7
2021-08-27 20:55:58.272721: I tensorflow/core/common_runtime/gpu/gpu_device.cc:1703] Adding visible gpu devices: 0
2021-08-27 20:55:58.272782: I tensorflow/stream_executor/platform/default/dso_loader.cc:44] Successfully opened dynamic library libcudart.so.10.1
2021-08-27 20:55:58.388231: I tensorflow/core/common_runtime/gpu/gpu_device.cc:1102] Device interconnect StreamExecutor with strength 1 edge matrix:
2021-08-27 20:55:58.388268: I tensorflow/core/common_runtime/gpu/gpu_device.cc:1108]      0 
2021-08-27 20:55:58.388276: I tensorflow/core/common_runtime/gpu/gpu_device.cc:1121] 0:   N 
2021-08-27 20:55:58.392168: I tensorflow/core/common_runtime/gpu/gpu_device.cc:1247] Created TensorFlow device (/job:localhost/replica:0/task:0/device:GPU:0 with 22573 MB memory) -> physical GPU (device: 0, name: NVIDIA GeForce RTX 3090, pci bus id: 0000:1c:00.0, compute capability: 8.6)
2021-08-27 20:55:58.394451: I tensorflow/compiler/xla/service/service.cc:168] XLA service 0x557d91e5e6f0 initialized for platform CUDA (this does not guarantee that XLA will be used). Devices:
2021-08-27 20:55:58.394472: I tensorflow/compiler/xla/service/service.cc:176]   StreamExecutor device (0): NVIDIA GeForce RTX 3090, Compute Capability 8.6
2021-08-27 21:03:52.896414: I tensorflow/stream_executor/platform/default/dso_loader.cc:44] Successfully opened dynamic library libcublas.so.10
2021-08-27 21:05:48.215492: I tensorflow/stream_executor/platform/default/dso_loader.cc:44] Successfully opened dynamic library libcudnn.so.7
2021-08-27 21:26:32.847090: W tensorflow/stream_executor/gpu/asm_compiler.cc:81] Running ptxas --version returned 256
2021-08-27 21:26:32.948016: W tensorflow/stream_executor/gpu/redzone_allocator.cc:314] Internal: ptxas exited with non-zero error code 256, output: 
Relying on driver to perform ptx compilation. 
Modify $PATH to customize ptxas location.
This message will be only logged once.
