Running CNN

Model build ...
Model: "cnn_FULL_RGB_CANNY"
_________________________________________________________________
Layer (type)                 Output Shape              Param #   
=================================================================
input (InputLayer)           [(None, 104, 138, 3)]     0         
_________________________________________________________________
conv64 (Conv2D)              (None, 104, 138, 64)      1792      
_________________________________________________________________
activation (Activation)      (None, 104, 138, 64)      0         
_________________________________________________________________
dropout (Dropout)            (None, 104, 138, 64)      0         
_________________________________________________________________
conv128 (Conv2D)             (None, 104, 138, 128)     73856     
_________________________________________________________________
activation_1 (Activation)    (None, 104, 138, 128)     0         
_________________________________________________________________
dropout_1 (Dropout)          (None, 104, 138, 128)     0         
_________________________________________________________________
max_pooling2d (MaxPooling2D) (None, 52, 69, 128)       0         
_________________________________________________________________
flatten (Flatten)            (None, 459264)            0         
_________________________________________________________________
fc128 (Dense)                (None, 128)               58785920  
_________________________________________________________________
activation_2 (Activation)    (None, 128)               0         
_________________________________________________________________
dropout_2 (Dropout)          (None, 128)               0         
_________________________________________________________________
fc64 (Dense)                 (None, 64)                8256      
_________________________________________________________________
activation_3 (Activation)    (None, 64)                0         
_________________________________________________________________
dropout_3 (Dropout)          (None, 64)                0         
_________________________________________________________________
fc (Dense)                   (None, 3)                 195       
=================================================================
Total params: 58,870,019
Trainable params: 58,870,019
Non-trainable params: 0
_________________________________________________________________
Model fit ...
Epoch 1/50
97/97 - 224s - loss: 1.2173 - accuracy: 0.4523 - val_loss: 1.0920 - val_accuracy: 0.3459
Epoch 2/50
97/97 - 224s - loss: 0.9620 - accuracy: 0.5235 - val_loss: 1.1032 - val_accuracy: 0.3448
Epoch 3/50
97/97 - 222s - loss: 0.8771 - accuracy: 0.5776 - val_loss: 1.0664 - val_accuracy: 0.4289
Epoch 4/50
97/97 - 224s - loss: 0.6644 - accuracy: 0.6898 - val_loss: 1.0656 - val_accuracy: 0.4774
Epoch 5/50
97/97 - 223s - loss: 0.3695 - accuracy: 0.8508 - val_loss: 1.5148 - val_accuracy: 0.4095
Epoch 6/50
97/97 - 223s - loss: 0.2077 - accuracy: 0.9182 - val_loss: 1.9550 - val_accuracy: 0.4461
Epoch 7/50
97/97 - 225s - loss: 0.1469 - accuracy: 0.9394 - val_loss: 2.9567 - val_accuracy: 0.4612
Epoch 8/50
97/97 - 226s - loss: 0.1334 - accuracy: 0.9468 - val_loss: 2.3375 - val_accuracy: 0.4504
Epoch 9/50
97/97 - 225s - loss: 0.0797 - accuracy: 0.9636 - val_loss: 2.8538 - val_accuracy: 0.4397
Epoch 10/50
97/97 - 225s - loss: 0.0751 - accuracy: 0.9588 - val_loss: 2.9254 - val_accuracy: 0.4353
Epoch 11/50
97/97 - 227s - loss: 0.0636 - accuracy: 0.9649 - val_loss: 2.8657 - val_accuracy: 0.4418
Epoch 12/50
97/97 - 225s - loss: 0.0611 - accuracy: 0.9678 - val_loss: 2.9968 - val_accuracy: 0.4386
Epoch 13/50
97/97 - 226s - loss: 0.0541 - accuracy: 0.9700 - val_loss: 3.0669 - val_accuracy: 0.4300
Epoch 14/50
97/97 - 226s - loss: 0.0521 - accuracy: 0.9671 - val_loss: 3.2832 - val_accuracy: 0.4256
Epoch 00014: early stopping
Model save ...
Model saved!
Running DNN

Model build ...
Model: "deep_FULL_RGB_CANNY"
_________________________________________________________________
Layer (type)                 Output Shape              Param #   
=================================================================
input (InputLayer)           [(None, 104, 138, 3)]     0         
_________________________________________________________________
flatten (Flatten)            (None, 43056)             0         
_________________________________________________________________
fc0 (Dense)                  (None, 1024)              44090368  
_________________________________________________________________
fc1 (Dense)                  (None, 512)               524800    
_________________________________________________________________
fc2 (Dense)                  (None, 256)               131328    
_________________________________________________________________
fc3 (Dense)                  (None, 128)               32896     
_________________________________________________________________
fc4 (Dense)                  (None, 64)                8256      
_________________________________________________________________
fc (Dense)                   (None, 3)                 195       
=================================================================
Total params: 44,787,843
Trainable params: 44,787,843
Non-trainable params: 0
_________________________________________________________________
Model fit ...
Epoch 1/50
97/97 - 232s - loss: 1.1084 - accuracy: 0.4456 - val_loss: 1.1075 - val_accuracy: 0.4397
Epoch 2/50
97/97 - 231s - loss: 0.9150 - accuracy: 0.5609 - val_loss: 1.1503 - val_accuracy: 0.4181
Epoch 3/50
97/97 - 230s - loss: 0.6570 - accuracy: 0.6746 - val_loss: 1.9620 - val_accuracy: 0.3966
Epoch 4/50
97/97 - 230s - loss: 0.5472 - accuracy: 0.7300 - val_loss: 1.2687 - val_accuracy: 0.4612
Epoch 5/50
97/97 - 230s - loss: 0.4171 - accuracy: 0.7912 - val_loss: 2.2232 - val_accuracy: 0.4084
Epoch 6/50
97/97 - 228s - loss: 0.2674 - accuracy: 0.8618 - val_loss: 3.5236 - val_accuracy: 0.4494
Epoch 7/50
97/97 - 230s - loss: 0.2425 - accuracy: 0.8934 - val_loss: 3.3726 - val_accuracy: 0.4246
Epoch 8/50
97/97 - 230s - loss: 0.1789 - accuracy: 0.9169 - val_loss: 3.6730 - val_accuracy: 0.4364
Epoch 9/50
97/97 - 229s - loss: 0.1535 - accuracy: 0.9233 - val_loss: 5.2172 - val_accuracy: 0.4601
Epoch 10/50
97/97 - 230s - loss: 0.1366 - accuracy: 0.9417 - val_loss: 3.9724 - val_accuracy: 0.4429
Epoch 11/50
97/97 - 230s - loss: 0.1154 - accuracy: 0.9475 - val_loss: 3.9345 - val_accuracy: 0.4138
Epoch 12/50
97/97 - 230s - loss: 0.1030 - accuracy: 0.9520 - val_loss: 4.2609 - val_accuracy: 0.4343
Epoch 13/50
97/97 - 231s - loss: 0.0937 - accuracy: 0.9552 - val_loss: 6.0188 - val_accuracy: 0.4515
Epoch 14/50
97/97 - 229s - loss: 0.1222 - accuracy: 0.9472 - val_loss: 2.7900 - val_accuracy: 0.4224
Epoch 00014: early stopping
Model save ...
Model saved!
Running D-CNN

Model build ...
Model: "deep_cnn_FULL_RGB_CANNY"
_________________________________________________________________
Layer (type)                 Output Shape              Param #   
=================================================================
input (InputLayer)           [(None, 104, 138, 3)]     0         
_________________________________________________________________
conv64 (Conv2D)              (None, 104, 138, 64)      1792      
_________________________________________________________________
activation (Activation)      (None, 104, 138, 64)      0         
_________________________________________________________________
dropout (Dropout)            (None, 104, 138, 64)      0         
_________________________________________________________________
conv128 (Conv2D)             (None, 104, 138, 128)     73856     
_________________________________________________________________
activation_1 (Activation)    (None, 104, 138, 128)     0         
_________________________________________________________________
dropout_1 (Dropout)          (None, 104, 138, 128)     0         
_________________________________________________________________
conv256 (Conv2D)             (None, 104, 138, 256)     295168    
_________________________________________________________________
activation_2 (Activation)    (None, 104, 138, 256)     0         
_________________________________________________________________
dropout_2 (Dropout)          (None, 104, 138, 256)     0         
_________________________________________________________________
max_pooling2d (MaxPooling2D) (None, 52, 69, 256)       0         
_________________________________________________________________
flatten (Flatten)            (None, 918528)            0         
_________________________________________________________________
fc128_A (Dense)              (None, 128)               117571712 
_________________________________________________________________
activation_3 (Activation)    (None, 128)               0         
_________________________________________________________________
dropout_3 (Dropout)          (None, 128)               0         
_________________________________________________________________
fc128_B (Dense)              (None, 128)               16512     
_________________________________________________________________
activation_4 (Activation)    (None, 128)               0         
_________________________________________________________________
dropout_4 (Dropout)          (None, 128)               0         
_________________________________________________________________
fc128_C (Dense)              (None, 128)               16512     
_________________________________________________________________
activation_5 (Activation)    (None, 128)               0         
_________________________________________________________________
dropout_5 (Dropout)          (None, 128)               0         
_________________________________________________________________
fc (Dense)                   (None, 3)                 387       
=================================================================
Total params: 117,975,939
Trainable params: 117,975,939
Non-trainable params: 0
_________________________________________________________________
Model fit ...
Epoch 1/50
97/97 - 228s - loss: 1.2720 - accuracy: 0.4333 - val_loss: 1.1220 - val_accuracy: 0.3103
Epoch 2/50
97/97 - 228s - loss: 1.0540 - accuracy: 0.4330 - val_loss: 1.0990 - val_accuracy: 0.3168
Epoch 3/50
97/97 - 228s - loss: 0.9663 - accuracy: 0.5303 - val_loss: 1.0945 - val_accuracy: 0.3642
Epoch 4/50
97/97 - 229s - loss: 0.9026 - accuracy: 0.5590 - val_loss: 1.1010 - val_accuracy: 0.3825
Epoch 5/50
97/97 - 229s - loss: 0.8074 - accuracy: 0.6121 - val_loss: 1.1480 - val_accuracy: 0.4418
Epoch 6/50
97/97 - 229s - loss: 0.7006 - accuracy: 0.6704 - val_loss: 1.4748 - val_accuracy: 0.3836
Epoch 7/50
97/97 - 229s - loss: 0.5876 - accuracy: 0.7284 - val_loss: 1.8955 - val_accuracy: 0.3761
Epoch 8/50
97/97 - 228s - loss: 0.5421 - accuracy: 0.7490 - val_loss: 2.0321 - val_accuracy: 0.3825
Epoch 9/50
97/97 - 228s - loss: 0.4758 - accuracy: 0.7977 - val_loss: 2.2047 - val_accuracy: 0.3922
Epoch 10/50
97/97 - 228s - loss: 0.4404 - accuracy: 0.8038 - val_loss: 2.2460 - val_accuracy: 0.3944
Epoch 11/50
97/97 - 230s - loss: 0.3953 - accuracy: 0.8222 - val_loss: 2.4025 - val_accuracy: 0.4278
Epoch 12/50
97/97 - 230s - loss: 0.3513 - accuracy: 0.8463 - val_loss: 2.5463 - val_accuracy: 0.4321
Epoch 13/50
97/97 - 228s - loss: 0.3277 - accuracy: 0.8563 - val_loss: 2.8641 - val_accuracy: 0.4235
Epoch 14/50
97/97 - 229s - loss: 0.3084 - accuracy: 0.8640 - val_loss: 2.5588 - val_accuracy: 0.4397
Epoch 15/50
97/97 - 228s - loss: 0.2663 - accuracy: 0.8795 - val_loss: 2.8684 - val_accuracy: 0.4386
Epoch 00015: early stopping
Model save ...
Model saved!
