2021-08-27 18:55:14.339130: I tensorflow/stream_executor/platform/default/dso_loader.cc:44] Successfully opened dynamic library libcuda.so.1
2021-08-27 18:55:14.397111: I tensorflow/core/common_runtime/gpu/gpu_device.cc:1561] Found device 0 with properties: 
pciBusID: 0000:3e:00.0 name: NVIDIA TITAN RTX computeCapability: 7.5
coreClock: 1.77GHz coreCount: 72 deviceMemorySize: 23.65GiB deviceMemoryBandwidth: 625.94GiB/s
2021-08-27 18:55:14.427945: I tensorflow/stream_executor/platform/default/dso_loader.cc:44] Successfully opened dynamic library libcudart.so.10.1
2021-08-27 18:55:14.746360: I tensorflow/stream_executor/platform/default/dso_loader.cc:44] Successfully opened dynamic library libcublas.so.10
2021-08-27 18:55:14.897726: I tensorflow/stream_executor/platform/default/dso_loader.cc:44] Successfully opened dynamic library libcufft.so.10
2021-08-27 18:55:14.937847: I tensorflow/stream_executor/platform/default/dso_loader.cc:44] Successfully opened dynamic library libcurand.so.10
2021-08-27 18:55:15.391227: I tensorflow/stream_executor/platform/default/dso_loader.cc:44] Successfully opened dynamic library libcusolver.so.10
2021-08-27 18:55:15.433084: I tensorflow/stream_executor/platform/default/dso_loader.cc:44] Successfully opened dynamic library libcusparse.so.10
2021-08-27 18:55:16.115294: I tensorflow/stream_executor/platform/default/dso_loader.cc:44] Successfully opened dynamic library libcudnn.so.7
2021-08-27 18:55:16.118280: I tensorflow/core/common_runtime/gpu/gpu_device.cc:1703] Adding visible gpu devices: 0
2021-08-27 18:55:16.139650: I tensorflow/core/platform/cpu_feature_guard.cc:143] Your CPU supports instructions that this TensorFlow binary was not compiled to use: SSE4.1 SSE4.2 AVX AVX2 AVX512F FMA
2021-08-27 18:55:16.233305: I tensorflow/core/platform/profile_utils/cpu_utils.cc:102] CPU Frequency: 2300000000 Hz
2021-08-27 18:55:16.235145: I tensorflow/compiler/xla/service/service.cc:168] XLA service 0x55dfeea9d7d0 initialized for platform Host (this does not guarantee that XLA will be used). Devices:
2021-08-27 18:55:16.235170: I tensorflow/compiler/xla/service/service.cc:176]   StreamExecutor device (0): Host, Default Version
2021-08-27 18:55:16.243261: I tensorflow/core/common_runtime/gpu/gpu_device.cc:1561] Found device 0 with properties: 
pciBusID: 0000:3e:00.0 name: NVIDIA TITAN RTX computeCapability: 7.5
coreClock: 1.77GHz coreCount: 72 deviceMemorySize: 23.65GiB deviceMemoryBandwidth: 625.94GiB/s
2021-08-27 18:55:16.243354: I tensorflow/stream_executor/platform/default/dso_loader.cc:44] Successfully opened dynamic library libcudart.so.10.1
2021-08-27 18:55:16.243369: I tensorflow/stream_executor/platform/default/dso_loader.cc:44] Successfully opened dynamic library libcublas.so.10
2021-08-27 18:55:16.243383: I tensorflow/stream_executor/platform/default/dso_loader.cc:44] Successfully opened dynamic library libcufft.so.10
2021-08-27 18:55:16.243396: I tensorflow/stream_executor/platform/default/dso_loader.cc:44] Successfully opened dynamic library libcurand.so.10
2021-08-27 18:55:16.243408: I tensorflow/stream_executor/platform/default/dso_loader.cc:44] Successfully opened dynamic library libcusolver.so.10
2021-08-27 18:55:16.243421: I tensorflow/stream_executor/platform/default/dso_loader.cc:44] Successfully opened dynamic library libcusparse.so.10
2021-08-27 18:55:16.243434: I tensorflow/stream_executor/platform/default/dso_loader.cc:44] Successfully opened dynamic library libcudnn.so.7
2021-08-27 18:55:16.245887: I tensorflow/core/common_runtime/gpu/gpu_device.cc:1703] Adding visible gpu devices: 0
2021-08-27 18:55:16.247359: I tensorflow/stream_executor/platform/default/dso_loader.cc:44] Successfully opened dynamic library libcudart.so.10.1
2021-08-27 18:55:16.388991: I tensorflow/core/common_runtime/gpu/gpu_device.cc:1102] Device interconnect StreamExecutor with strength 1 edge matrix:
2021-08-27 18:55:16.389034: I tensorflow/core/common_runtime/gpu/gpu_device.cc:1108]      0 
2021-08-27 18:55:16.389041: I tensorflow/core/common_runtime/gpu/gpu_device.cc:1121] 0:   N 
2021-08-27 18:55:16.393068: I tensorflow/core/common_runtime/gpu/gpu_device.cc:1247] Created TensorFlow device (/job:localhost/replica:0/task:0/device:GPU:0 with 22614 MB memory) -> physical GPU (device: 0, name: NVIDIA TITAN RTX, pci bus id: 0000:3e:00.0, compute capability: 7.5)
2021-08-27 18:55:16.426892: I tensorflow/compiler/xla/service/service.cc:168] XLA service 0x55dfee1b05d0 initialized for platform CUDA (this does not guarantee that XLA will be used). Devices:
2021-08-27 18:55:16.426940: I tensorflow/compiler/xla/service/service.cc:176]   StreamExecutor device (0): NVIDIA TITAN RTX, Compute Capability 7.5
2021-08-27 18:55:26.685686: I tensorflow/stream_executor/platform/default/dso_loader.cc:44] Successfully opened dynamic library libcublas.so.10
2021-08-27 18:55:30.949985: I tensorflow/stream_executor/platform/default/dso_loader.cc:44] Successfully opened dynamic library libcudnn.so.7
2021-08-27 19:34:35.096442: I tensorflow/stream_executor/platform/default/dso_loader.cc:44] Successfully opened dynamic library libcuda.so.1
2021-08-27 19:34:35.165698: I tensorflow/core/common_runtime/gpu/gpu_device.cc:1561] Found device 0 with properties: 
pciBusID: 0000:3e:00.0 name: NVIDIA TITAN RTX computeCapability: 7.5
coreClock: 1.77GHz coreCount: 72 deviceMemorySize: 23.65GiB deviceMemoryBandwidth: 625.94GiB/s
2021-08-27 19:34:35.166877: I tensorflow/stream_executor/platform/default/dso_loader.cc:44] Successfully opened dynamic library libcudart.so.10.1
2021-08-27 19:34:35.170618: I tensorflow/stream_executor/platform/default/dso_loader.cc:44] Successfully opened dynamic library libcublas.so.10
2021-08-27 19:34:35.173048: I tensorflow/stream_executor/platform/default/dso_loader.cc:44] Successfully opened dynamic library libcufft.so.10
2021-08-27 19:34:35.173989: I tensorflow/stream_executor/platform/default/dso_loader.cc:44] Successfully opened dynamic library libcurand.so.10
2021-08-27 19:34:35.176760: I tensorflow/stream_executor/platform/default/dso_loader.cc:44] Successfully opened dynamic library libcusolver.so.10
2021-08-27 19:34:35.178166: I tensorflow/stream_executor/platform/default/dso_loader.cc:44] Successfully opened dynamic library libcusparse.so.10
2021-08-27 19:34:35.183413: I tensorflow/stream_executor/platform/default/dso_loader.cc:44] Successfully opened dynamic library libcudnn.so.7
2021-08-27 19:34:35.185961: I tensorflow/core/common_runtime/gpu/gpu_device.cc:1703] Adding visible gpu devices: 0
2021-08-27 19:34:35.186320: I tensorflow/core/platform/cpu_feature_guard.cc:143] Your CPU supports instructions that this TensorFlow binary was not compiled to use: SSE4.1 SSE4.2 AVX AVX2 AVX512F FMA
2021-08-27 19:34:35.205363: I tensorflow/core/platform/profile_utils/cpu_utils.cc:102] CPU Frequency: 2300000000 Hz
2021-08-27 19:34:35.206272: I tensorflow/compiler/xla/service/service.cc:168] XLA service 0x562b9e8af670 initialized for platform Host (this does not guarantee that XLA will be used). Devices:
2021-08-27 19:34:35.206297: I tensorflow/compiler/xla/service/service.cc:176]   StreamExecutor device (0): Host, Default Version
2021-08-27 19:34:35.207743: I tensorflow/core/common_runtime/gpu/gpu_device.cc:1561] Found device 0 with properties: 
pciBusID: 0000:3e:00.0 name: NVIDIA TITAN RTX computeCapability: 7.5
coreClock: 1.77GHz coreCount: 72 deviceMemorySize: 23.65GiB deviceMemoryBandwidth: 625.94GiB/s
2021-08-27 19:34:35.207785: I tensorflow/stream_executor/platform/default/dso_loader.cc:44] Successfully opened dynamic library libcudart.so.10.1
2021-08-27 19:34:35.207799: I tensorflow/stream_executor/platform/default/dso_loader.cc:44] Successfully opened dynamic library libcublas.so.10
2021-08-27 19:34:35.207818: I tensorflow/stream_executor/platform/default/dso_loader.cc:44] Successfully opened dynamic library libcufft.so.10
2021-08-27 19:34:35.207830: I tensorflow/stream_executor/platform/default/dso_loader.cc:44] Successfully opened dynamic library libcurand.so.10
2021-08-27 19:34:35.207843: I tensorflow/stream_executor/platform/default/dso_loader.cc:44] Successfully opened dynamic library libcusolver.so.10
2021-08-27 19:34:35.207856: I tensorflow/stream_executor/platform/default/dso_loader.cc:44] Successfully opened dynamic library libcusparse.so.10
2021-08-27 19:34:35.207869: I tensorflow/stream_executor/platform/default/dso_loader.cc:44] Successfully opened dynamic library libcudnn.so.7
2021-08-27 19:34:35.210244: I tensorflow/core/common_runtime/gpu/gpu_device.cc:1703] Adding visible gpu devices: 0
2021-08-27 19:34:35.210286: I tensorflow/stream_executor/platform/default/dso_loader.cc:44] Successfully opened dynamic library libcudart.so.10.1
2021-08-27 19:34:35.351153: I tensorflow/core/common_runtime/gpu/gpu_device.cc:1102] Device interconnect StreamExecutor with strength 1 edge matrix:
2021-08-27 19:34:35.351194: I tensorflow/core/common_runtime/gpu/gpu_device.cc:1108]      0 
2021-08-27 19:34:35.351202: I tensorflow/core/common_runtime/gpu/gpu_device.cc:1121] 0:   N 
2021-08-27 19:34:35.355005: I tensorflow/core/common_runtime/gpu/gpu_device.cc:1247] Created TensorFlow device (/job:localhost/replica:0/task:0/device:GPU:0 with 22614 MB memory) -> physical GPU (device: 0, name: NVIDIA TITAN RTX, pci bus id: 0000:3e:00.0, compute capability: 7.5)
2021-08-27 19:34:35.357364: I tensorflow/compiler/xla/service/service.cc:168] XLA service 0x562b9e857420 initialized for platform CUDA (this does not guarantee that XLA will be used). Devices:
2021-08-27 19:34:35.357386: I tensorflow/compiler/xla/service/service.cc:176]   StreamExecutor device (0): NVIDIA TITAN RTX, Compute Capability 7.5
2021-08-27 19:34:36.845071: I tensorflow/stream_executor/platform/default/dso_loader.cc:44] Successfully opened dynamic library libcublas.so.10
2021-08-27 20:18:24.093662: I tensorflow/stream_executor/platform/default/dso_loader.cc:44] Successfully opened dynamic library libcuda.so.1
2021-08-27 20:18:24.163497: I tensorflow/core/common_runtime/gpu/gpu_device.cc:1561] Found device 0 with properties: 
pciBusID: 0000:3e:00.0 name: NVIDIA TITAN RTX computeCapability: 7.5
coreClock: 1.77GHz coreCount: 72 deviceMemorySize: 23.65GiB deviceMemoryBandwidth: 625.94GiB/s
2021-08-27 20:18:24.164687: I tensorflow/stream_executor/platform/default/dso_loader.cc:44] Successfully opened dynamic library libcudart.so.10.1
2021-08-27 20:18:24.168526: I tensorflow/stream_executor/platform/default/dso_loader.cc:44] Successfully opened dynamic library libcublas.so.10
2021-08-27 20:18:24.171224: I tensorflow/stream_executor/platform/default/dso_loader.cc:44] Successfully opened dynamic library libcufft.so.10
2021-08-27 20:18:24.172280: I tensorflow/stream_executor/platform/default/dso_loader.cc:44] Successfully opened dynamic library libcurand.so.10
2021-08-27 20:18:24.174701: I tensorflow/stream_executor/platform/default/dso_loader.cc:44] Successfully opened dynamic library libcusolver.so.10
2021-08-27 20:18:24.176202: I tensorflow/stream_executor/platform/default/dso_loader.cc:44] Successfully opened dynamic library libcusparse.so.10
2021-08-27 20:18:24.181827: I tensorflow/stream_executor/platform/default/dso_loader.cc:44] Successfully opened dynamic library libcudnn.so.7
2021-08-27 20:18:24.184566: I tensorflow/core/common_runtime/gpu/gpu_device.cc:1703] Adding visible gpu devices: 0
2021-08-27 20:18:24.184926: I tensorflow/core/platform/cpu_feature_guard.cc:143] Your CPU supports instructions that this TensorFlow binary was not compiled to use: SSE4.1 SSE4.2 AVX AVX2 AVX512F FMA
2021-08-27 20:18:24.205322: I tensorflow/core/platform/profile_utils/cpu_utils.cc:102] CPU Frequency: 2300000000 Hz
2021-08-27 20:18:24.206349: I tensorflow/compiler/xla/service/service.cc:168] XLA service 0x55c4bfb5b320 initialized for platform Host (this does not guarantee that XLA will be used). Devices:
2021-08-27 20:18:24.206383: I tensorflow/compiler/xla/service/service.cc:176]   StreamExecutor device (0): Host, Default Version
2021-08-27 20:18:24.207985: I tensorflow/core/common_runtime/gpu/gpu_device.cc:1561] Found device 0 with properties: 
pciBusID: 0000:3e:00.0 name: NVIDIA TITAN RTX computeCapability: 7.5
coreClock: 1.77GHz coreCount: 72 deviceMemorySize: 23.65GiB deviceMemoryBandwidth: 625.94GiB/s
2021-08-27 20:18:24.208062: I tensorflow/stream_executor/platform/default/dso_loader.cc:44] Successfully opened dynamic library libcudart.so.10.1
2021-08-27 20:18:24.208078: I tensorflow/stream_executor/platform/default/dso_loader.cc:44] Successfully opened dynamic library libcublas.so.10
2021-08-27 20:18:24.208092: I tensorflow/stream_executor/platform/default/dso_loader.cc:44] Successfully opened dynamic library libcufft.so.10
2021-08-27 20:18:24.208106: I tensorflow/stream_executor/platform/default/dso_loader.cc:44] Successfully opened dynamic library libcurand.so.10
2021-08-27 20:18:24.208120: I tensorflow/stream_executor/platform/default/dso_loader.cc:44] Successfully opened dynamic library libcusolver.so.10
2021-08-27 20:18:24.208133: I tensorflow/stream_executor/platform/default/dso_loader.cc:44] Successfully opened dynamic library libcusparse.so.10
2021-08-27 20:18:24.208146: I tensorflow/stream_executor/platform/default/dso_loader.cc:44] Successfully opened dynamic library libcudnn.so.7
2021-08-27 20:18:24.210605: I tensorflow/core/common_runtime/gpu/gpu_device.cc:1703] Adding visible gpu devices: 0
2021-08-27 20:18:24.210650: I tensorflow/stream_executor/platform/default/dso_loader.cc:44] Successfully opened dynamic library libcudart.so.10.1
2021-08-27 20:18:24.353368: I tensorflow/core/common_runtime/gpu/gpu_device.cc:1102] Device interconnect StreamExecutor with strength 1 edge matrix:
2021-08-27 20:18:24.353407: I tensorflow/core/common_runtime/gpu/gpu_device.cc:1108]      0 
2021-08-27 20:18:24.353414: I tensorflow/core/common_runtime/gpu/gpu_device.cc:1121] 0:   N 
2021-08-27 20:18:24.357309: I tensorflow/core/common_runtime/gpu/gpu_device.cc:1247] Created TensorFlow device (/job:localhost/replica:0/task:0/device:GPU:0 with 22614 MB memory) -> physical GPU (device: 0, name: NVIDIA TITAN RTX, pci bus id: 0000:3e:00.0, compute capability: 7.5)
2021-08-27 20:18:24.359790: I tensorflow/compiler/xla/service/service.cc:168] XLA service 0x55c4bc555330 initialized for platform CUDA (this does not guarantee that XLA will be used). Devices:
2021-08-27 20:18:24.359810: I tensorflow/compiler/xla/service/service.cc:176]   StreamExecutor device (0): NVIDIA TITAN RTX, Compute Capability 7.5
2021-08-27 20:18:26.062446: I tensorflow/stream_executor/platform/default/dso_loader.cc:44] Successfully opened dynamic library libcublas.so.10
2021-08-27 20:18:29.905409: I tensorflow/stream_executor/platform/default/dso_loader.cc:44] Successfully opened dynamic library libcudnn.so.7
