Running CNN

Model build ...
Model: "cnn_FULL_RGB_PCA"
_________________________________________________________________
Layer (type)                 Output Shape              Param #   
=================================================================
input (InputLayer)           [(None, 104, 32, 3)]      0         
_________________________________________________________________
conv64 (Conv2D)              (None, 104, 32, 64)       1792      
_________________________________________________________________
activation (Activation)      (None, 104, 32, 64)       0         
_________________________________________________________________
dropout (Dropout)            (None, 104, 32, 64)       0         
_________________________________________________________________
conv128 (Conv2D)             (None, 104, 32, 128)      73856     
_________________________________________________________________
activation_1 (Activation)    (None, 104, 32, 128)      0         
_________________________________________________________________
dropout_1 (Dropout)          (None, 104, 32, 128)      0         
_________________________________________________________________
max_pooling2d (MaxPooling2D) (None, 52, 16, 128)       0         
_________________________________________________________________
flatten (Flatten)            (None, 106496)            0         
_________________________________________________________________
fc128 (Dense)                (None, 128)               13631616  
_________________________________________________________________
activation_2 (Activation)    (None, 128)               0         
_________________________________________________________________
dropout_2 (Dropout)          (None, 128)               0         
_________________________________________________________________
fc64 (Dense)                 (None, 64)                8256      
_________________________________________________________________
activation_3 (Activation)    (None, 64)                0         
_________________________________________________________________
dropout_3 (Dropout)          (None, 64)                0         
_________________________________________________________________
fc (Dense)                   (None, 3)                 195       
=================================================================
Total params: 13,715,715
Trainable params: 13,715,715
Non-trainable params: 0
_________________________________________________________________
Model fit ...
Epoch 1/50
97/97 - 428s - loss: 1.1115 - accuracy: 0.3631 - val_loss: 144.7830 - val_accuracy: 0.3190
Epoch 2/50
97/97 - 429s - loss: 1.0970 - accuracy: 0.3711 - val_loss: 258.7159 - val_accuracy: 0.3190
Epoch 3/50
97/97 - 429s - loss: 1.0964 - accuracy: 0.3750 - val_loss: 346.4494 - val_accuracy: 0.3190
Epoch 4/50
97/97 - 430s - loss: 1.0961 - accuracy: 0.3737 - val_loss: 422.0363 - val_accuracy: 0.3190
Epoch 5/50
97/97 - 438s - loss: 1.0960 - accuracy: 0.3724 - val_loss: 495.9488 - val_accuracy: 0.3190
Epoch 6/50
97/97 - 404s - loss: 1.0957 - accuracy: 0.3750 - val_loss: 570.9061 - val_accuracy: 0.3190
Epoch 7/50
97/97 - 400s - loss: 1.0956 - accuracy: 0.3750 - val_loss: 653.9191 - val_accuracy: 0.3190
Epoch 8/50
97/97 - 418s - loss: 1.0957 - accuracy: 0.3750 - val_loss: 753.5182 - val_accuracy: 0.3190
Epoch 9/50
97/97 - 418s - loss: 1.0959 - accuracy: 0.3711 - val_loss: 866.9890 - val_accuracy: 0.3190
Epoch 10/50
97/97 - 415s - loss: 1.0964 - accuracy: 0.3698 - val_loss: 999.8452 - val_accuracy: 0.3190
Epoch 11/50
97/97 - 423s - loss: 1.0958 - accuracy: 0.3724 - val_loss: 1150.9397 - val_accuracy: 0.3190
Epoch 00011: early stopping
Model save ...
Model saved!
Running DNN

Model build ...
Model: "deep_FULL_RGB_PCA"
_________________________________________________________________
Layer (type)                 Output Shape              Param #   
=================================================================
input (InputLayer)           [(None, 104, 32, 3)]      0         
_________________________________________________________________
flatten (Flatten)            (None, 9984)              0         
_________________________________________________________________
fc0 (Dense)                  (None, 1024)              10224640  
_________________________________________________________________
fc1 (Dense)                  (None, 512)               524800    
_________________________________________________________________
fc2 (Dense)                  (None, 256)               131328    
_________________________________________________________________
fc3 (Dense)                  (None, 128)               32896     
_________________________________________________________________
fc4 (Dense)                  (None, 64)                8256      
_________________________________________________________________
fc (Dense)                   (None, 3)                 195       
=================================================================
Total params: 10,922,115
Trainable params: 10,922,115
Non-trainable params: 0
_________________________________________________________________
Model fit ...
Epoch 1/50
97/97 - 430s - loss: 1.1009 - accuracy: 0.3505 - val_loss: 1.0968 - val_accuracy: 0.3448
Epoch 2/50
97/97 - 420s - loss: 1.0293 - accuracy: 0.4127 - val_loss: 1.1416 - val_accuracy: 0.3179
Epoch 3/50
97/97 - 402s - loss: 0.9477 - accuracy: 0.5019 - val_loss: 1.2385 - val_accuracy: 0.3502
Epoch 4/50
97/97 - 406s - loss: 0.8095 - accuracy: 0.5886 - val_loss: 1.4213 - val_accuracy: 0.3524
Epoch 5/50
97/97 - 412s - loss: 0.6706 - accuracy: 0.6669 - val_loss: 1.6570 - val_accuracy: 0.3330
Epoch 6/50
97/97 - 445s - loss: 0.5740 - accuracy: 0.7210 - val_loss: 1.8177 - val_accuracy: 0.3179
Epoch 7/50
97/97 - 451s - loss: 0.4764 - accuracy: 0.7658 - val_loss: 2.1472 - val_accuracy: 0.3200
Epoch 8/50
97/97 - 443s - loss: 0.3944 - accuracy: 0.8215 - val_loss: 2.3494 - val_accuracy: 0.3265
Epoch 9/50
97/97 - 444s - loss: 0.3524 - accuracy: 0.8438 - val_loss: 2.6763 - val_accuracy: 0.3351
Epoch 10/50
97/97 - 443s - loss: 0.3021 - accuracy: 0.8724 - val_loss: 2.8679 - val_accuracy: 0.3524
Epoch 11/50
97/97 - 421s - loss: 0.2967 - accuracy: 0.8753 - val_loss: 2.3838 - val_accuracy: 0.3394
Epoch 12/50
97/97 - 389s - loss: 0.2448 - accuracy: 0.8969 - val_loss: 2.5637 - val_accuracy: 0.3491
Epoch 13/50
97/97 - 390s - loss: 0.1512 - accuracy: 0.9349 - val_loss: 3.4010 - val_accuracy: 0.3642
Epoch 14/50
97/97 - 389s - loss: 0.1096 - accuracy: 0.9594 - val_loss: 4.4831 - val_accuracy: 0.3534
Epoch 15/50
97/97 - 386s - loss: 0.1002 - accuracy: 0.9652 - val_loss: 3.7097 - val_accuracy: 0.3545
Epoch 16/50
97/97 - 385s - loss: 0.1042 - accuracy: 0.9636 - val_loss: 3.4823 - val_accuracy: 0.3696
Epoch 17/50
97/97 - 387s - loss: 0.0672 - accuracy: 0.9745 - val_loss: 3.9700 - val_accuracy: 0.3545
Epoch 18/50
97/97 - 388s - loss: 0.0738 - accuracy: 0.9745 - val_loss: 3.5725 - val_accuracy: 0.3567
Epoch 19/50
97/97 - 389s - loss: 0.0831 - accuracy: 0.9739 - val_loss: 5.0199 - val_accuracy: 0.3373
Epoch 20/50
97/97 - 392s - loss: 0.0746 - accuracy: 0.9755 - val_loss: 4.4533 - val_accuracy: 0.3427
Epoch 21/50
97/97 - 393s - loss: 0.0563 - accuracy: 0.9807 - val_loss: 4.6264 - val_accuracy: 0.3545
Epoch 22/50
97/97 - 392s - loss: 0.0568 - accuracy: 0.9803 - val_loss: 4.1207 - val_accuracy: 0.3351
Epoch 23/50
97/97 - 392s - loss: 0.0675 - accuracy: 0.9823 - val_loss: 3.6337 - val_accuracy: 0.3588
Epoch 24/50
97/97 - 390s - loss: 0.0334 - accuracy: 0.9884 - val_loss: 4.0836 - val_accuracy: 0.3157
Epoch 25/50
97/97 - 400s - loss: 0.0231 - accuracy: 0.9913 - val_loss: 4.4867 - val_accuracy: 0.3114
Epoch 26/50
97/97 - 398s - loss: 0.0170 - accuracy: 0.9929 - val_loss: 5.0749 - val_accuracy: 0.3179
Epoch 00026: early stopping
Model save ...
Model saved!
Running D-CNN

Model build ...
Model: "deep_cnn_FULL_RGB_PCA"
_________________________________________________________________
Layer (type)                 Output Shape              Param #   
=================================================================
input (InputLayer)           [(None, 104, 32, 3)]      0         
_________________________________________________________________
conv64 (Conv2D)              (None, 104, 32, 64)       1792      
_________________________________________________________________
activation (Activation)      (None, 104, 32, 64)       0         
_________________________________________________________________
dropout (Dropout)            (None, 104, 32, 64)       0         
_________________________________________________________________
conv128 (Conv2D)             (None, 104, 32, 128)      73856     
_________________________________________________________________
activation_1 (Activation)    (None, 104, 32, 128)      0         
_________________________________________________________________
dropout_1 (Dropout)          (None, 104, 32, 128)      0         
_________________________________________________________________
conv256 (Conv2D)             (None, 104, 32, 256)      295168    
_________________________________________________________________
activation_2 (Activation)    (None, 104, 32, 256)      0         
_________________________________________________________________
dropout_2 (Dropout)          (None, 104, 32, 256)      0         
_________________________________________________________________
max_pooling2d (MaxPooling2D) (None, 52, 16, 256)       0         
_________________________________________________________________
flatten (Flatten)            (None, 212992)            0         
_________________________________________________________________
fc128_A (Dense)              (None, 128)               27263104  
_________________________________________________________________
activation_3 (Activation)    (None, 128)               0         
_________________________________________________________________
dropout_3 (Dropout)          (None, 128)               0         
_________________________________________________________________
fc128_B (Dense)              (None, 128)               16512     
_________________________________________________________________
activation_4 (Activation)    (None, 128)               0         
_________________________________________________________________
dropout_4 (Dropout)          (None, 128)               0         
_________________________________________________________________
fc128_C (Dense)              (None, 128)               16512     
_________________________________________________________________
activation_5 (Activation)    (None, 128)               0         
_________________________________________________________________
dropout_5 (Dropout)          (None, 128)               0         
_________________________________________________________________
fc (Dense)                   (None, 3)                 387       
=================================================================
Total params: 27,667,331
Trainable params: 27,667,331
Non-trainable params: 0
_________________________________________________________________
Model fit ...
Epoch 1/50
97/97 - 386s - loss: 1.3902 - accuracy: 0.3380 - val_loss: 46.9439 - val_accuracy: 0.3534
Epoch 2/50
97/97 - 387s - loss: 1.1007 - accuracy: 0.3692 - val_loss: 112.1178 - val_accuracy: 0.3534
Epoch 3/50
97/97 - 387s - loss: 1.0998 - accuracy: 0.3750 - val_loss: 175.2415 - val_accuracy: 0.3534
Epoch 4/50
97/97 - 390s - loss: 1.0995 - accuracy: 0.3737 - val_loss: 236.9330 - val_accuracy: 0.3534
Epoch 5/50
97/97 - 386s - loss: 1.0996 - accuracy: 0.3724 - val_loss: 296.9614 - val_accuracy: 0.3534
Epoch 6/50
97/97 - 385s - loss: 1.0981 - accuracy: 0.3750 - val_loss: 357.2538 - val_accuracy: 0.3534
Epoch 7/50
97/97 - 403s - loss: 1.0986 - accuracy: 0.3750 - val_loss: 417.6693 - val_accuracy: 0.3534
Epoch 8/50
97/97 - 403s - loss: 1.0984 - accuracy: 0.3750 - val_loss: 470.9929 - val_accuracy: 0.3534
Epoch 9/50
97/97 - 402s - loss: 1.0991 - accuracy: 0.3711 - val_loss: 531.2014 - val_accuracy: 0.3534
Epoch 10/50
97/97 - 403s - loss: 1.0994 - accuracy: 0.3698 - val_loss: 605.2997 - val_accuracy: 0.3534
Epoch 11/50
97/97 - 416s - loss: 1.0981 - accuracy: 0.3724 - val_loss: 664.6371 - val_accuracy: 0.3534
Epoch 00011: early stopping
Model save ...
Model saved!
